{"timestamp": "2025-12-01 18:34:49", "level": "INFO", "logger": "django.utils.autoreload", "message": "Watching for file changes with StatReloader", "module": "autoreload", "filename": "autoreload.py", "line": 668}
{"timestamp": "2025-12-01 18:34:49", "level": "INFO", "logger": "django.utils.autoreload", "message": "Watching for file changes with StatReloader", "module": "autoreload", "filename": "autoreload.py", "line": 668}
{"timestamp": "2025-12-01 18:40:29", "level": "WARNING", "logger": "django.request", "message": "Not Found: /api/register", "module": "log", "filename": "log.py", "line": 241}
{"timestamp": "2025-12-01 18:40:29", "level": "WARNING", "logger": "django.request", "message": "Not Found: /api/register", "module": "log", "filename": "log.py", "line": 241}
{"timestamp": "2025-12-01 18:40:29", "level": "WARNING", "logger": "django.server", "message": "\"POST /api/register HTTP/1.0\" 404 2219", "module": "basehttp", "filename": "basehttp.py", "line": 212}
{"timestamp": "2025-12-01 18:40:29", "level": "WARNING", "logger": "django.server", "message": "\"POST /api/register HTTP/1.0\" 404 2219", "module": "basehttp", "filename": "basehttp.py", "line": 212}
{"timestamp": "2025-12-01 18:41:06", "level": "ERROR", "logger": "django.request", "message": "Internal Server Error: /api/users/register", "module": "log", "filename": "log.py", "line": 241, "exception": "Traceback (most recent call last):\n  File \"/usr/local/lib/python3.13/site-packages/django/core/handlers/exception.py\", line 55, in inner\n    response = get_response(request)\n  File \"/usr/local/lib/python3.13/site-packages/django/utils/deprecation.py\", line 136, in __call__\n    response = self.process_response(request, response)\n  File \"/usr/local/lib/python3.13/site-packages/django/middleware/common.py\", line 108, in process_response\n    return self.response_redirect_class(self.get_full_path_with_slash(request))\n                                        ~~~~~~~~~~~~~~~~~~~~~~~~~~~~~^^^^^^^^^\n  File \"/usr/local/lib/python3.13/site-packages/django/middleware/common.py\", line 87, in get_full_path_with_slash\n    raise RuntimeError(\n    ...<9 lines>...\n    )\nRuntimeError: You called this URL via POST, but the URL doesn't end in a slash and you have APPEND_SLASH set. Django can't redirect to the slash URL while maintaining POST data. Change your form to point to localhost/api/users/register/ (note the trailing slash), or set APPEND_SLASH=False in your Django settings."}
{"timestamp": "2025-12-01 18:41:06", "level": "ERROR", "logger": "django.request", "message": "Internal Server Error: /api/users/register", "module": "log", "filename": "log.py", "line": 241, "exception": "Traceback (most recent call last):\n  File \"/usr/local/lib/python3.13/site-packages/django/core/handlers/exception.py\", line 55, in inner\n    response = get_response(request)\n  File \"/usr/local/lib/python3.13/site-packages/django/utils/deprecation.py\", line 136, in __call__\n    response = self.process_response(request, response)\n  File \"/usr/local/lib/python3.13/site-packages/django/middleware/common.py\", line 108, in process_response\n    return self.response_redirect_class(self.get_full_path_with_slash(request))\n                                        ~~~~~~~~~~~~~~~~~~~~~~~~~~~~~^^^^^^^^^\n  File \"/usr/local/lib/python3.13/site-packages/django/middleware/common.py\", line 87, in get_full_path_with_slash\n    raise RuntimeError(\n    ...<9 lines>...\n    )\nRuntimeError: You called this URL via POST, but the URL doesn't end in a slash and you have APPEND_SLASH set. Django can't redirect to the slash URL while maintaining POST data. Change your form to point to localhost/api/users/register/ (note the trailing slash), or set APPEND_SLASH=False in your Django settings."}
{"timestamp": "2025-12-01 18:41:06", "level": "ERROR", "logger": "django.server", "message": "\"POST /api/users/register HTTP/1.0\" 500 66677", "module": "basehttp", "filename": "basehttp.py", "line": 212}
{"timestamp": "2025-12-01 18:41:06", "level": "ERROR", "logger": "django.server", "message": "\"POST /api/users/register HTTP/1.0\" 500 66677", "module": "basehttp", "filename": "basehttp.py", "line": 212}
{"timestamp": "2025-12-01 18:43:19", "level": "INFO", "logger": "django.utils.autoreload", "message": "/app/users/authViews.py changed, reloading.", "module": "autoreload", "filename": "autoreload.py", "line": 266}
{"timestamp": "2025-12-01 18:43:19", "level": "INFO", "logger": "django.utils.autoreload", "message": "/app/users/authViews.py changed, reloading.", "module": "autoreload", "filename": "autoreload.py", "line": 266}
{"timestamp": "2025-12-01 18:43:20", "level": "INFO", "logger": "django.utils.autoreload", "message": "Watching for file changes with StatReloader", "module": "autoreload", "filename": "autoreload.py", "line": 668}
{"timestamp": "2025-12-01 18:43:20", "level": "INFO", "logger": "django.utils.autoreload", "message": "Watching for file changes with StatReloader", "module": "autoreload", "filename": "autoreload.py", "line": 668}
{"timestamp": "2025-12-01 18:46:44", "level": "INFO", "logger": "django.utils.autoreload", "message": "/app/users/authSerializers.py changed, reloading.", "module": "autoreload", "filename": "autoreload.py", "line": 266}
{"timestamp": "2025-12-01 18:46:44", "level": "INFO", "logger": "django.utils.autoreload", "message": "/app/users/authSerializers.py changed, reloading.", "module": "autoreload", "filename": "autoreload.py", "line": 266}
{"timestamp": "2025-12-01 18:46:45", "level": "INFO", "logger": "django.utils.autoreload", "message": "Watching for file changes with StatReloader", "module": "autoreload", "filename": "autoreload.py", "line": 668}
{"timestamp": "2025-12-01 18:46:45", "level": "INFO", "logger": "django.utils.autoreload", "message": "Watching for file changes with StatReloader", "module": "autoreload", "filename": "autoreload.py", "line": 668}
{"timestamp": "2025-12-01 18:47:08", "level": "INFO", "logger": "django.utils.autoreload", "message": "/app/users/authSerializers.py changed, reloading.", "module": "autoreload", "filename": "autoreload.py", "line": 266}
{"timestamp": "2025-12-01 18:47:08", "level": "INFO", "logger": "django.utils.autoreload", "message": "/app/users/authSerializers.py changed, reloading.", "module": "autoreload", "filename": "autoreload.py", "line": 266}
{"timestamp": "2025-12-01 18:47:08", "level": "INFO", "logger": "django.utils.autoreload", "message": "Watching for file changes with StatReloader", "module": "autoreload", "filename": "autoreload.py", "line": 668}
{"timestamp": "2025-12-01 18:47:08", "level": "INFO", "logger": "django.utils.autoreload", "message": "Watching for file changes with StatReloader", "module": "autoreload", "filename": "autoreload.py", "line": 668}
{"timestamp": "2025-12-01 18:47:10", "level": "INFO", "logger": "django.utils.autoreload", "message": "/app/users/authSerializers.py changed, reloading.", "module": "autoreload", "filename": "autoreload.py", "line": 266}
{"timestamp": "2025-12-01 18:47:10", "level": "INFO", "logger": "django.utils.autoreload", "message": "/app/users/authSerializers.py changed, reloading.", "module": "autoreload", "filename": "autoreload.py", "line": 266}
{"timestamp": "2025-12-01 18:47:11", "level": "INFO", "logger": "django.utils.autoreload", "message": "Watching for file changes with StatReloader", "module": "autoreload", "filename": "autoreload.py", "line": 668}
{"timestamp": "2025-12-01 18:47:11", "level": "INFO", "logger": "django.utils.autoreload", "message": "Watching for file changes with StatReloader", "module": "autoreload", "filename": "autoreload.py", "line": 668}
{"timestamp": "2025-12-01 18:47:15", "level": "INFO", "logger": "django.utils.autoreload", "message": "/app/users/authSerializers.py changed, reloading.", "module": "autoreload", "filename": "autoreload.py", "line": 266}
{"timestamp": "2025-12-01 18:47:15", "level": "INFO", "logger": "django.utils.autoreload", "message": "/app/users/authSerializers.py changed, reloading.", "module": "autoreload", "filename": "autoreload.py", "line": 266}
{"timestamp": "2025-12-01 18:47:16", "level": "INFO", "logger": "django.utils.autoreload", "message": "Watching for file changes with StatReloader", "module": "autoreload", "filename": "autoreload.py", "line": 668}
{"timestamp": "2025-12-01 18:47:16", "level": "INFO", "logger": "django.utils.autoreload", "message": "Watching for file changes with StatReloader", "module": "autoreload", "filename": "autoreload.py", "line": 668}
{"timestamp": "2025-12-01 18:47:19", "level": "INFO", "logger": "django.utils.autoreload", "message": "/app/users/authSerializers.py changed, reloading.", "module": "autoreload", "filename": "autoreload.py", "line": 266}
{"timestamp": "2025-12-01 18:47:19", "level": "INFO", "logger": "django.utils.autoreload", "message": "/app/users/authSerializers.py changed, reloading.", "module": "autoreload", "filename": "autoreload.py", "line": 266}
{"timestamp": "2025-12-01 18:47:19", "level": "INFO", "logger": "django.utils.autoreload", "message": "Watching for file changes with StatReloader", "module": "autoreload", "filename": "autoreload.py", "line": 668}
{"timestamp": "2025-12-01 18:47:19", "level": "INFO", "logger": "django.utils.autoreload", "message": "Watching for file changes with StatReloader", "module": "autoreload", "filename": "autoreload.py", "line": 668}
{"timestamp": "2025-12-01 18:47:25", "level": "INFO", "logger": "django.utils.autoreload", "message": "/app/users/authSerializers.py changed, reloading.", "module": "autoreload", "filename": "autoreload.py", "line": 266}
{"timestamp": "2025-12-01 18:47:25", "level": "INFO", "logger": "django.utils.autoreload", "message": "/app/users/authSerializers.py changed, reloading.", "module": "autoreload", "filename": "autoreload.py", "line": 266}
{"timestamp": "2025-12-01 18:47:25", "level": "INFO", "logger": "django.utils.autoreload", "message": "Watching for file changes with StatReloader", "module": "autoreload", "filename": "autoreload.py", "line": 668}
{"timestamp": "2025-12-01 18:47:25", "level": "INFO", "logger": "django.utils.autoreload", "message": "Watching for file changes with StatReloader", "module": "autoreload", "filename": "autoreload.py", "line": 668}
{"timestamp": "2025-12-01 18:47:54", "level": "INFO", "logger": "django.utils.autoreload", "message": "/app/users/authSerializers.py changed, reloading.", "module": "autoreload", "filename": "autoreload.py", "line": 266}
{"timestamp": "2025-12-01 18:47:54", "level": "INFO", "logger": "django.utils.autoreload", "message": "/app/users/authSerializers.py changed, reloading.", "module": "autoreload", "filename": "autoreload.py", "line": 266}
{"timestamp": "2025-12-01 18:47:55", "level": "INFO", "logger": "django.utils.autoreload", "message": "Watching for file changes with StatReloader", "module": "autoreload", "filename": "autoreload.py", "line": 668}
{"timestamp": "2025-12-01 18:47:55", "level": "INFO", "logger": "django.utils.autoreload", "message": "Watching for file changes with StatReloader", "module": "autoreload", "filename": "autoreload.py", "line": 668}
{"timestamp": "2025-12-01 18:48:03", "level": "INFO", "logger": "django.utils.autoreload", "message": "/app/users/models.py changed, reloading.", "module": "autoreload", "filename": "autoreload.py", "line": 266}
{"timestamp": "2025-12-01 18:48:03", "level": "INFO", "logger": "django.utils.autoreload", "message": "/app/users/models.py changed, reloading.", "module": "autoreload", "filename": "autoreload.py", "line": 266}
{"timestamp": "2025-12-01 18:48:03", "level": "INFO", "logger": "django.utils.autoreload", "message": "Watching for file changes with StatReloader", "module": "autoreload", "filename": "autoreload.py", "line": 668}
{"timestamp": "2025-12-01 18:48:03", "level": "INFO", "logger": "django.utils.autoreload", "message": "Watching for file changes with StatReloader", "module": "autoreload", "filename": "autoreload.py", "line": 668}
{"timestamp": "2025-12-01 18:48:24", "level": "INFO", "logger": "django.utils.autoreload", "message": "/app/users/models.py changed, reloading.", "module": "autoreload", "filename": "autoreload.py", "line": 266}
{"timestamp": "2025-12-01 18:48:24", "level": "INFO", "logger": "django.utils.autoreload", "message": "/app/users/models.py changed, reloading.", "module": "autoreload", "filename": "autoreload.py", "line": 266}
{"timestamp": "2025-12-01 18:48:24", "level": "INFO", "logger": "django.utils.autoreload", "message": "Watching for file changes with StatReloader", "module": "autoreload", "filename": "autoreload.py", "line": 668}
{"timestamp": "2025-12-01 18:48:24", "level": "INFO", "logger": "django.utils.autoreload", "message": "Watching for file changes with StatReloader", "module": "autoreload", "filename": "autoreload.py", "line": 668}
{"timestamp": "2025-12-01 19:14:20", "level": "INFO", "logger": "django.utils.autoreload", "message": "Watching for file changes with StatReloader", "module": "autoreload", "filename": "autoreload.py", "line": 668}
{"timestamp": "2025-12-01 19:14:20", "level": "INFO", "logger": "django.utils.autoreload", "message": "Watching for file changes with StatReloader", "module": "autoreload", "filename": "autoreload.py", "line": 668}
{"timestamp": "2025-12-01 19:15:38", "level": "INFO", "logger": "django.utils.autoreload", "message": "Watching for file changes with StatReloader", "module": "autoreload", "filename": "autoreload.py", "line": 668}
{"timestamp": "2025-12-01 19:15:38", "level": "INFO", "logger": "django.utils.autoreload", "message": "Watching for file changes with StatReloader", "module": "autoreload", "filename": "autoreload.py", "line": 668}
{"timestamp": "2025-12-01 19:16:07", "level": "ERROR", "logger": "django.request", "message": "Internal Server Error: /api/users/register", "module": "log", "filename": "log.py", "line": 241, "exception": "Traceback (most recent call last):\n  File \"/usr/local/lib/python3.13/site-packages/django/core/handlers/exception.py\", line 55, in inner\n    response = get_response(request)\n  File \"/usr/local/lib/python3.13/site-packages/django/utils/deprecation.py\", line 136, in __call__\n    response = self.process_response(request, response)\n  File \"/usr/local/lib/python3.13/site-packages/django/middleware/common.py\", line 108, in process_response\n    return self.response_redirect_class(self.get_full_path_with_slash(request))\n                                        ~~~~~~~~~~~~~~~~~~~~~~~~~~~~~^^^^^^^^^\n  File \"/usr/local/lib/python3.13/site-packages/django/middleware/common.py\", line 87, in get_full_path_with_slash\n    raise RuntimeError(\n    ...<9 lines>...\n    )\nRuntimeError: You called this URL via POST, but the URL doesn't end in a slash and you have APPEND_SLASH set. Django can't redirect to the slash URL while maintaining POST data. Change your form to point to localhost/api/users/register/ (note the trailing slash), or set APPEND_SLASH=False in your Django settings."}
{"timestamp": "2025-12-01 19:16:07", "level": "ERROR", "logger": "django.request", "message": "Internal Server Error: /api/users/register", "module": "log", "filename": "log.py", "line": 241, "exception": "Traceback (most recent call last):\n  File \"/usr/local/lib/python3.13/site-packages/django/core/handlers/exception.py\", line 55, in inner\n    response = get_response(request)\n  File \"/usr/local/lib/python3.13/site-packages/django/utils/deprecation.py\", line 136, in __call__\n    response = self.process_response(request, response)\n  File \"/usr/local/lib/python3.13/site-packages/django/middleware/common.py\", line 108, in process_response\n    return self.response_redirect_class(self.get_full_path_with_slash(request))\n                                        ~~~~~~~~~~~~~~~~~~~~~~~~~~~~~^^^^^^^^^\n  File \"/usr/local/lib/python3.13/site-packages/django/middleware/common.py\", line 87, in get_full_path_with_slash\n    raise RuntimeError(\n    ...<9 lines>...\n    )\nRuntimeError: You called this URL via POST, but the URL doesn't end in a slash and you have APPEND_SLASH set. Django can't redirect to the slash URL while maintaining POST data. Change your form to point to localhost/api/users/register/ (note the trailing slash), or set APPEND_SLASH=False in your Django settings."}
{"timestamp": "2025-12-01 19:16:07", "level": "ERROR", "logger": "django.server", "message": "\"POST /api/users/register HTTP/1.0\" 500 66677", "module": "basehttp", "filename": "basehttp.py", "line": 212}
{"timestamp": "2025-12-01 19:16:07", "level": "ERROR", "logger": "django.server", "message": "\"POST /api/users/register HTTP/1.0\" 500 66677", "module": "basehttp", "filename": "basehttp.py", "line": 212}
{"timestamp": "2025-12-01 19:17:40", "level": "INFO", "logger": "django.utils.autoreload", "message": "/app/users/urls.py changed, reloading.", "module": "autoreload", "filename": "autoreload.py", "line": 266}
{"timestamp": "2025-12-01 19:17:40", "level": "INFO", "logger": "django.utils.autoreload", "message": "/app/users/urls.py changed, reloading.", "module": "autoreload", "filename": "autoreload.py", "line": 266}
{"timestamp": "2025-12-01 19:17:41", "level": "INFO", "logger": "django.utils.autoreload", "message": "Watching for file changes with StatReloader", "module": "autoreload", "filename": "autoreload.py", "line": 668}
{"timestamp": "2025-12-01 19:17:41", "level": "INFO", "logger": "django.utils.autoreload", "message": "Watching for file changes with StatReloader", "module": "autoreload", "filename": "autoreload.py", "line": 668}
{"timestamp": "2025-12-01 19:17:44", "level": "ERROR", "logger": "django.request", "message": "Internal Server Error: /api/users/register", "module": "log", "filename": "log.py", "line": 241, "exception": "Traceback (most recent call last):\n  File \"/usr/local/lib/python3.13/site-packages/django/core/handlers/exception.py\", line 55, in inner\n    response = get_response(request)\n  File \"/usr/local/lib/python3.13/site-packages/django/core/handlers/base.py\", line 197, in _get_response\n    response = wrapped_callback(request, *callback_args, **callback_kwargs)\n  File \"/usr/local/lib/python3.13/site-packages/django/views/decorators/csrf.py\", line 56, in wrapper_view\n    return view_func(*args, **kwargs)\n  File \"/usr/local/lib/python3.13/site-packages/django/views/generic/base.py\", line 104, in view\n    return self.dispatch(request, *args, **kwargs)\n           ~~~~~~~~~~~~~^^^^^^^^^^^^^^^^^^^^^^^^^^\n  File \"/usr/local/lib/python3.13/site-packages/rest_framework/views.py\", line 515, in dispatch\n    response = self.handle_exception(exc)\n  File \"/usr/local/lib/python3.13/site-packages/rest_framework/views.py\", line 475, in handle_exception\n    self.raise_uncaught_exception(exc)\n    ~~~~~~~~~~~~~~~~~~~~~~~~~~~~~^^^^^\n  File \"/usr/local/lib/python3.13/site-packages/rest_framework/views.py\", line 486, in raise_uncaught_exception\n    raise exc\n  File \"/usr/local/lib/python3.13/site-packages/rest_framework/views.py\", line 512, in dispatch\n    response = handler(request, *args, **kwargs)\n  File \"/app/users/authViews.py\", line 22, in post\n    registerService.execute(email=data[\"email\"], name=data[\"name\"], password=data[\"password\"], phone=data[\"phone\"], birthday=data[\"birthday\"])\n    ~~~~~~~~~~~~~~~~~~~~~~~^^^^^^^^^^^^^^^^^^^^^^^^^^^^^^^^^^^^^^^^^^^^^^^^^^^^^^^^^^^^^^^^^^^^^^^^^^^^^^^^^^^^^^^^^^^^^^^^^^^^^^^^^^^^^^^^^^^\n  File \"/app/users/authService.py\", line 12, in execute\n    user = self.model.get_by_email(email)\n           ^^^^^^^^^^^^^^^^^^^^^^^\nAttributeError: 'User' object has no attribute 'get_by_email'"}
{"timestamp": "2025-12-01 19:17:44", "level": "ERROR", "logger": "django.request", "message": "Internal Server Error: /api/users/register", "module": "log", "filename": "log.py", "line": 241, "exception": "Traceback (most recent call last):\n  File \"/usr/local/lib/python3.13/site-packages/django/core/handlers/exception.py\", line 55, in inner\n    response = get_response(request)\n  File \"/usr/local/lib/python3.13/site-packages/django/core/handlers/base.py\", line 197, in _get_response\n    response = wrapped_callback(request, *callback_args, **callback_kwargs)\n  File \"/usr/local/lib/python3.13/site-packages/django/views/decorators/csrf.py\", line 56, in wrapper_view\n    return view_func(*args, **kwargs)\n  File \"/usr/local/lib/python3.13/site-packages/django/views/generic/base.py\", line 104, in view\n    return self.dispatch(request, *args, **kwargs)\n           ~~~~~~~~~~~~~^^^^^^^^^^^^^^^^^^^^^^^^^^\n  File \"/usr/local/lib/python3.13/site-packages/rest_framework/views.py\", line 515, in dispatch\n    response = self.handle_exception(exc)\n  File \"/usr/local/lib/python3.13/site-packages/rest_framework/views.py\", line 475, in handle_exception\n    self.raise_uncaught_exception(exc)\n    ~~~~~~~~~~~~~~~~~~~~~~~~~~~~~^^^^^\n  File \"/usr/local/lib/python3.13/site-packages/rest_framework/views.py\", line 486, in raise_uncaught_exception\n    raise exc\n  File \"/usr/local/lib/python3.13/site-packages/rest_framework/views.py\", line 512, in dispatch\n    response = handler(request, *args, **kwargs)\n  File \"/app/users/authViews.py\", line 22, in post\n    registerService.execute(email=data[\"email\"], name=data[\"name\"], password=data[\"password\"], phone=data[\"phone\"], birthday=data[\"birthday\"])\n    ~~~~~~~~~~~~~~~~~~~~~~~^^^^^^^^^^^^^^^^^^^^^^^^^^^^^^^^^^^^^^^^^^^^^^^^^^^^^^^^^^^^^^^^^^^^^^^^^^^^^^^^^^^^^^^^^^^^^^^^^^^^^^^^^^^^^^^^^^^\n  File \"/app/users/authService.py\", line 12, in execute\n    user = self.model.get_by_email(email)\n           ^^^^^^^^^^^^^^^^^^^^^^^\nAttributeError: 'User' object has no attribute 'get_by_email'"}
{"timestamp": "2025-12-01 19:17:44", "level": "ERROR", "logger": "django.server", "message": "\"POST /api/users/register HTTP/1.0\" 500 94778", "module": "basehttp", "filename": "basehttp.py", "line": 212}
{"timestamp": "2025-12-01 19:17:44", "level": "ERROR", "logger": "django.server", "message": "\"POST /api/users/register HTTP/1.0\" 500 94778", "module": "basehttp", "filename": "basehttp.py", "line": 212}
{"timestamp": "2025-12-01 19:25:18", "level": "ERROR", "logger": "django.request", "message": "Internal Server Error: /api/users/register", "module": "log", "filename": "log.py", "line": 241, "exception": "Traceback (most recent call last):\n  File \"/usr/local/lib/python3.13/site-packages/django/core/handlers/exception.py\", line 55, in inner\n    response = get_response(request)\n  File \"/usr/local/lib/python3.13/site-packages/django/core/handlers/base.py\", line 197, in _get_response\n    response = wrapped_callback(request, *callback_args, **callback_kwargs)\n  File \"/usr/local/lib/python3.13/site-packages/django/views/decorators/csrf.py\", line 56, in wrapper_view\n    return view_func(*args, **kwargs)\n  File \"/usr/local/lib/python3.13/site-packages/django/views/generic/base.py\", line 104, in view\n    return self.dispatch(request, *args, **kwargs)\n           ~~~~~~~~~~~~~^^^^^^^^^^^^^^^^^^^^^^^^^^\n  File \"/usr/local/lib/python3.13/site-packages/rest_framework/views.py\", line 515, in dispatch\n    response = self.handle_exception(exc)\n  File \"/usr/local/lib/python3.13/site-packages/rest_framework/views.py\", line 475, in handle_exception\n    self.raise_uncaught_exception(exc)\n    ~~~~~~~~~~~~~~~~~~~~~~~~~~~~~^^^^^\n  File \"/usr/local/lib/python3.13/site-packages/rest_framework/views.py\", line 486, in raise_uncaught_exception\n    raise exc\n  File \"/usr/local/lib/python3.13/site-packages/rest_framework/views.py\", line 512, in dispatch\n    response = handler(request, *args, **kwargs)\n  File \"/app/users/authViews.py\", line 22, in post\n    registerService.execute(email=data[\"email\"], name=data[\"name\"], password=data[\"password\"], phone=data[\"phone\"], birthday=data[\"birthday\"])\n    ~~~~~~~~~~~~~~~~~~~~~~~^^^^^^^^^^^^^^^^^^^^^^^^^^^^^^^^^^^^^^^^^^^^^^^^^^^^^^^^^^^^^^^^^^^^^^^^^^^^^^^^^^^^^^^^^^^^^^^^^^^^^^^^^^^^^^^^^^^\n  File \"/app/users/authService.py\", line 12, in execute\n    user = self.model.get_by_email(email)\n           ^^^^^^^^^^^^^^^^^^^^^^^\nAttributeError: 'User' object has no attribute 'get_by_email'"}
{"timestamp": "2025-12-01 19:25:18", "level": "ERROR", "logger": "django.request", "message": "Internal Server Error: /api/users/register", "module": "log", "filename": "log.py", "line": 241, "exception": "Traceback (most recent call last):\n  File \"/usr/local/lib/python3.13/site-packages/django/core/handlers/exception.py\", line 55, in inner\n    response = get_response(request)\n  File \"/usr/local/lib/python3.13/site-packages/django/core/handlers/base.py\", line 197, in _get_response\n    response = wrapped_callback(request, *callback_args, **callback_kwargs)\n  File \"/usr/local/lib/python3.13/site-packages/django/views/decorators/csrf.py\", line 56, in wrapper_view\n    return view_func(*args, **kwargs)\n  File \"/usr/local/lib/python3.13/site-packages/django/views/generic/base.py\", line 104, in view\n    return self.dispatch(request, *args, **kwargs)\n           ~~~~~~~~~~~~~^^^^^^^^^^^^^^^^^^^^^^^^^^\n  File \"/usr/local/lib/python3.13/site-packages/rest_framework/views.py\", line 515, in dispatch\n    response = self.handle_exception(exc)\n  File \"/usr/local/lib/python3.13/site-packages/rest_framework/views.py\", line 475, in handle_exception\n    self.raise_uncaught_exception(exc)\n    ~~~~~~~~~~~~~~~~~~~~~~~~~~~~~^^^^^\n  File \"/usr/local/lib/python3.13/site-packages/rest_framework/views.py\", line 486, in raise_uncaught_exception\n    raise exc\n  File \"/usr/local/lib/python3.13/site-packages/rest_framework/views.py\", line 512, in dispatch\n    response = handler(request, *args, **kwargs)\n  File \"/app/users/authViews.py\", line 22, in post\n    registerService.execute(email=data[\"email\"], name=data[\"name\"], password=data[\"password\"], phone=data[\"phone\"], birthday=data[\"birthday\"])\n    ~~~~~~~~~~~~~~~~~~~~~~~^^^^^^^^^^^^^^^^^^^^^^^^^^^^^^^^^^^^^^^^^^^^^^^^^^^^^^^^^^^^^^^^^^^^^^^^^^^^^^^^^^^^^^^^^^^^^^^^^^^^^^^^^^^^^^^^^^^\n  File \"/app/users/authService.py\", line 12, in execute\n    user = self.model.get_by_email(email)\n           ^^^^^^^^^^^^^^^^^^^^^^^\nAttributeError: 'User' object has no attribute 'get_by_email'"}
{"timestamp": "2025-12-01 19:25:18", "level": "ERROR", "logger": "django.server", "message": "\"POST /api/users/register HTTP/1.0\" 500 94778", "module": "basehttp", "filename": "basehttp.py", "line": 212}
{"timestamp": "2025-12-01 19:25:18", "level": "ERROR", "logger": "django.server", "message": "\"POST /api/users/register HTTP/1.0\" 500 94778", "module": "basehttp", "filename": "basehttp.py", "line": 212}
{"timestamp": "2025-12-01 19:27:58", "level": "INFO", "logger": "django.utils.autoreload", "message": "/app/users/models.py changed, reloading.", "module": "autoreload", "filename": "autoreload.py", "line": 266}
{"timestamp": "2025-12-01 19:27:58", "level": "INFO", "logger": "django.utils.autoreload", "message": "/app/users/models.py changed, reloading.", "module": "autoreload", "filename": "autoreload.py", "line": 266}
{"timestamp": "2025-12-01 19:27:58", "level": "INFO", "logger": "django.utils.autoreload", "message": "Watching for file changes with StatReloader", "module": "autoreload", "filename": "autoreload.py", "line": 668}
{"timestamp": "2025-12-01 19:27:58", "level": "INFO", "logger": "django.utils.autoreload", "message": "Watching for file changes with StatReloader", "module": "autoreload", "filename": "autoreload.py", "line": 668}
{"timestamp": "2025-12-01 19:29:14", "level": "INFO", "logger": "django.utils.autoreload", "message": "/app/users/authService.py changed, reloading.", "module": "autoreload", "filename": "autoreload.py", "line": 266}
{"timestamp": "2025-12-01 19:29:14", "level": "INFO", "logger": "django.utils.autoreload", "message": "/app/users/authService.py changed, reloading.", "module": "autoreload", "filename": "autoreload.py", "line": 266}
{"timestamp": "2025-12-01 19:29:14", "level": "INFO", "logger": "django.utils.autoreload", "message": "Watching for file changes with StatReloader", "module": "autoreload", "filename": "autoreload.py", "line": 668}
{"timestamp": "2025-12-01 19:29:14", "level": "INFO", "logger": "django.utils.autoreload", "message": "Watching for file changes with StatReloader", "module": "autoreload", "filename": "autoreload.py", "line": 668}
{"timestamp": "2025-12-01 19:29:35", "level": "INFO", "logger": "django.utils.autoreload", "message": "/app/users/authViews.py changed, reloading.", "module": "autoreload", "filename": "autoreload.py", "line": 266}
{"timestamp": "2025-12-01 19:29:35", "level": "INFO", "logger": "django.utils.autoreload", "message": "/app/users/authViews.py changed, reloading.", "module": "autoreload", "filename": "autoreload.py", "line": 266}
{"timestamp": "2025-12-01 19:29:36", "level": "INFO", "logger": "django.utils.autoreload", "message": "Watching for file changes with StatReloader", "module": "autoreload", "filename": "autoreload.py", "line": 668}
{"timestamp": "2025-12-01 19:29:36", "level": "INFO", "logger": "django.utils.autoreload", "message": "Watching for file changes with StatReloader", "module": "autoreload", "filename": "autoreload.py", "line": 668}
{"timestamp": "2025-12-01 19:29:40", "level": "INFO", "logger": "django.utils.autoreload", "message": "/app/users/authViews.py changed, reloading.", "module": "autoreload", "filename": "autoreload.py", "line": 266}
{"timestamp": "2025-12-01 19:29:40", "level": "INFO", "logger": "django.utils.autoreload", "message": "/app/users/authViews.py changed, reloading.", "module": "autoreload", "filename": "autoreload.py", "line": 266}
{"timestamp": "2025-12-01 19:29:40", "level": "INFO", "logger": "django.utils.autoreload", "message": "Watching for file changes with StatReloader", "module": "autoreload", "filename": "autoreload.py", "line": 668}
{"timestamp": "2025-12-01 19:29:40", "level": "INFO", "logger": "django.utils.autoreload", "message": "Watching for file changes with StatReloader", "module": "autoreload", "filename": "autoreload.py", "line": 668}
{"timestamp": "2025-12-01 19:29:49", "level": "ERROR", "logger": "django.request", "message": "Internal Server Error: /api/users/register", "module": "log", "filename": "log.py", "line": 241, "exception": "Traceback (most recent call last):\n  File \"/app/users/authManager.py\", line 13, in get_by_email\n    return self.model.objects.get(email=email)\n           ^^^^^^^^^^^^^^^^^^\nAttributeError: 'NoneType' object has no attribute 'objects'\n\nDuring handling of the above exception, another exception occurred:\n\nTraceback (most recent call last):\n  File \"/usr/local/lib/python3.13/site-packages/django/core/handlers/exception.py\", line 55, in inner\n    response = get_response(request)\n  File \"/usr/local/lib/python3.13/site-packages/django/core/handlers/base.py\", line 197, in _get_response\n    response = wrapped_callback(request, *callback_args, **callback_kwargs)\n  File \"/usr/local/lib/python3.13/site-packages/django/views/decorators/csrf.py\", line 56, in wrapper_view\n    return view_func(*args, **kwargs)\n  File \"/usr/local/lib/python3.13/site-packages/django/views/generic/base.py\", line 104, in view\n    return self.dispatch(request, *args, **kwargs)\n           ~~~~~~~~~~~~~^^^^^^^^^^^^^^^^^^^^^^^^^^\n  File \"/usr/local/lib/python3.13/site-packages/rest_framework/views.py\", line 515, in dispatch\n    response = self.handle_exception(exc)\n  File \"/usr/local/lib/python3.13/site-packages/rest_framework/views.py\", line 475, in handle_exception\n    self.raise_uncaught_exception(exc)\n    ~~~~~~~~~~~~~~~~~~~~~~~~~~~~~^^^^^\n  File \"/usr/local/lib/python3.13/site-packages/rest_framework/views.py\", line 486, in raise_uncaught_exception\n    raise exc\n  File \"/usr/local/lib/python3.13/site-packages/rest_framework/views.py\", line 512, in dispatch\n    response = handler(request, *args, **kwargs)\n  File \"/app/users/authViews.py\", line 22, in post\n    registerService.execute(email=data[\"email\"], name=data[\"name\"], password=data[\"password\"], phone=data[\"phone\"], birthday=data[\"birthday\"])\n    ~~~~~~~~~~~~~~~~~~~~~~~^^^^^^^^^^^^^^^^^^^^^^^^^^^^^^^^^^^^^^^^^^^^^^^^^^^^^^^^^^^^^^^^^^^^^^^^^^^^^^^^^^^^^^^^^^^^^^^^^^^^^^^^^^^^^^^^^^^\n  File \"/app/users/authService.py\", line 12, in execute\n    user = self.manager.get_by_email(email)\n  File \"/app/users/authManager.py\", line 14, in get_by_email\n    except self.model.DoesNotExist:\n           ^^^^^^^^^^^^^^^^^^^^^^^\nAttributeError: 'NoneType' object has no attribute 'DoesNotExist'"}
{"timestamp": "2025-12-01 19:29:49", "level": "ERROR", "logger": "django.request", "message": "Internal Server Error: /api/users/register", "module": "log", "filename": "log.py", "line": 241, "exception": "Traceback (most recent call last):\n  File \"/app/users/authManager.py\", line 13, in get_by_email\n    return self.model.objects.get(email=email)\n           ^^^^^^^^^^^^^^^^^^\nAttributeError: 'NoneType' object has no attribute 'objects'\n\nDuring handling of the above exception, another exception occurred:\n\nTraceback (most recent call last):\n  File \"/usr/local/lib/python3.13/site-packages/django/core/handlers/exception.py\", line 55, in inner\n    response = get_response(request)\n  File \"/usr/local/lib/python3.13/site-packages/django/core/handlers/base.py\", line 197, in _get_response\n    response = wrapped_callback(request, *callback_args, **callback_kwargs)\n  File \"/usr/local/lib/python3.13/site-packages/django/views/decorators/csrf.py\", line 56, in wrapper_view\n    return view_func(*args, **kwargs)\n  File \"/usr/local/lib/python3.13/site-packages/django/views/generic/base.py\", line 104, in view\n    return self.dispatch(request, *args, **kwargs)\n           ~~~~~~~~~~~~~^^^^^^^^^^^^^^^^^^^^^^^^^^\n  File \"/usr/local/lib/python3.13/site-packages/rest_framework/views.py\", line 515, in dispatch\n    response = self.handle_exception(exc)\n  File \"/usr/local/lib/python3.13/site-packages/rest_framework/views.py\", line 475, in handle_exception\n    self.raise_uncaught_exception(exc)\n    ~~~~~~~~~~~~~~~~~~~~~~~~~~~~~^^^^^\n  File \"/usr/local/lib/python3.13/site-packages/rest_framework/views.py\", line 486, in raise_uncaught_exception\n    raise exc\n  File \"/usr/local/lib/python3.13/site-packages/rest_framework/views.py\", line 512, in dispatch\n    response = handler(request, *args, **kwargs)\n  File \"/app/users/authViews.py\", line 22, in post\n    registerService.execute(email=data[\"email\"], name=data[\"name\"], password=data[\"password\"], phone=data[\"phone\"], birthday=data[\"birthday\"])\n    ~~~~~~~~~~~~~~~~~~~~~~~^^^^^^^^^^^^^^^^^^^^^^^^^^^^^^^^^^^^^^^^^^^^^^^^^^^^^^^^^^^^^^^^^^^^^^^^^^^^^^^^^^^^^^^^^^^^^^^^^^^^^^^^^^^^^^^^^^^\n  File \"/app/users/authService.py\", line 12, in execute\n    user = self.manager.get_by_email(email)\n  File \"/app/users/authManager.py\", line 14, in get_by_email\n    except self.model.DoesNotExist:\n           ^^^^^^^^^^^^^^^^^^^^^^^\nAttributeError: 'NoneType' object has no attribute 'DoesNotExist'"}
{"timestamp": "2025-12-01 19:29:49", "level": "ERROR", "logger": "django.server", "message": "\"POST /api/users/register HTTP/1.0\" 500 102594", "module": "basehttp", "filename": "basehttp.py", "line": 212}
{"timestamp": "2025-12-01 19:29:49", "level": "ERROR", "logger": "django.server", "message": "\"POST /api/users/register HTTP/1.0\" 500 102594", "module": "basehttp", "filename": "basehttp.py", "line": 212}
{"timestamp": "2025-12-01 19:30:22", "level": "INFO", "logger": "django.utils.autoreload", "message": "/app/users/authManager.py changed, reloading.", "module": "autoreload", "filename": "autoreload.py", "line": 266}
{"timestamp": "2025-12-01 19:30:22", "level": "INFO", "logger": "django.utils.autoreload", "message": "/app/users/authManager.py changed, reloading.", "module": "autoreload", "filename": "autoreload.py", "line": 266}
{"timestamp": "2025-12-01 19:30:23", "level": "INFO", "logger": "django.utils.autoreload", "message": "Watching for file changes with StatReloader", "module": "autoreload", "filename": "autoreload.py", "line": 668}
{"timestamp": "2025-12-01 19:30:23", "level": "INFO", "logger": "django.utils.autoreload", "message": "Watching for file changes with StatReloader", "module": "autoreload", "filename": "autoreload.py", "line": 668}
{"timestamp": "2025-12-01 19:30:25", "level": "ERROR", "logger": "django.request", "message": "Internal Server Error: /api/users/register", "module": "log", "filename": "log.py", "line": 241, "exception": "Traceback (most recent call last):\n  File \"/app/users/authManager.py\", line 14, in get_by_email\n    return self.model.objects.get(email=email)\n           ^^^^^^^^^^^^^^^^^^\nAttributeError: 'NoneType' object has no attribute 'objects'\n\nDuring handling of the above exception, another exception occurred:\n\nTraceback (most recent call last):\n  File \"/usr/local/lib/python3.13/site-packages/django/core/handlers/exception.py\", line 55, in inner\n    response = get_response(request)\n  File \"/usr/local/lib/python3.13/site-packages/django/core/handlers/base.py\", line 197, in _get_response\n    response = wrapped_callback(request, *callback_args, **callback_kwargs)\n  File \"/usr/local/lib/python3.13/site-packages/django/views/decorators/csrf.py\", line 56, in wrapper_view\n    return view_func(*args, **kwargs)\n  File \"/usr/local/lib/python3.13/site-packages/django/views/generic/base.py\", line 104, in view\n    return self.dispatch(request, *args, **kwargs)\n           ~~~~~~~~~~~~~^^^^^^^^^^^^^^^^^^^^^^^^^^\n  File \"/usr/local/lib/python3.13/site-packages/rest_framework/views.py\", line 515, in dispatch\n    response = self.handle_exception(exc)\n  File \"/usr/local/lib/python3.13/site-packages/rest_framework/views.py\", line 475, in handle_exception\n    self.raise_uncaught_exception(exc)\n    ~~~~~~~~~~~~~~~~~~~~~~~~~~~~~^^^^^\n  File \"/usr/local/lib/python3.13/site-packages/rest_framework/views.py\", line 486, in raise_uncaught_exception\n    raise exc\n  File \"/usr/local/lib/python3.13/site-packages/rest_framework/views.py\", line 512, in dispatch\n    response = handler(request, *args, **kwargs)\n  File \"/app/users/authViews.py\", line 22, in post\n    registerService.execute(email=data[\"email\"], name=data[\"name\"], password=data[\"password\"], phone=data[\"phone\"], birthday=data[\"birthday\"])\n    ~~~~~~~~~~~~~~~~~~~~~~~^^^^^^^^^^^^^^^^^^^^^^^^^^^^^^^^^^^^^^^^^^^^^^^^^^^^^^^^^^^^^^^^^^^^^^^^^^^^^^^^^^^^^^^^^^^^^^^^^^^^^^^^^^^^^^^^^^^\n  File \"/app/users/authService.py\", line 12, in execute\n    user = self.manager.get_by_email(email)\n  File \"/app/users/authManager.py\", line 15, in get_by_email\n    except self.model.DoesNotExist:\n           ^^^^^^^^^^^^^^^^^^^^^^^\nAttributeError: 'NoneType' object has no attribute 'DoesNotExist'"}
{"timestamp": "2025-12-01 19:30:25", "level": "ERROR", "logger": "django.request", "message": "Internal Server Error: /api/users/register", "module": "log", "filename": "log.py", "line": 241, "exception": "Traceback (most recent call last):\n  File \"/app/users/authManager.py\", line 14, in get_by_email\n    return self.model.objects.get(email=email)\n           ^^^^^^^^^^^^^^^^^^\nAttributeError: 'NoneType' object has no attribute 'objects'\n\nDuring handling of the above exception, another exception occurred:\n\nTraceback (most recent call last):\n  File \"/usr/local/lib/python3.13/site-packages/django/core/handlers/exception.py\", line 55, in inner\n    response = get_response(request)\n  File \"/usr/local/lib/python3.13/site-packages/django/core/handlers/base.py\", line 197, in _get_response\n    response = wrapped_callback(request, *callback_args, **callback_kwargs)\n  File \"/usr/local/lib/python3.13/site-packages/django/views/decorators/csrf.py\", line 56, in wrapper_view\n    return view_func(*args, **kwargs)\n  File \"/usr/local/lib/python3.13/site-packages/django/views/generic/base.py\", line 104, in view\n    return self.dispatch(request, *args, **kwargs)\n           ~~~~~~~~~~~~~^^^^^^^^^^^^^^^^^^^^^^^^^^\n  File \"/usr/local/lib/python3.13/site-packages/rest_framework/views.py\", line 515, in dispatch\n    response = self.handle_exception(exc)\n  File \"/usr/local/lib/python3.13/site-packages/rest_framework/views.py\", line 475, in handle_exception\n    self.raise_uncaught_exception(exc)\n    ~~~~~~~~~~~~~~~~~~~~~~~~~~~~~^^^^^\n  File \"/usr/local/lib/python3.13/site-packages/rest_framework/views.py\", line 486, in raise_uncaught_exception\n    raise exc\n  File \"/usr/local/lib/python3.13/site-packages/rest_framework/views.py\", line 512, in dispatch\n    response = handler(request, *args, **kwargs)\n  File \"/app/users/authViews.py\", line 22, in post\n    registerService.execute(email=data[\"email\"], name=data[\"name\"], password=data[\"password\"], phone=data[\"phone\"], birthday=data[\"birthday\"])\n    ~~~~~~~~~~~~~~~~~~~~~~~^^^^^^^^^^^^^^^^^^^^^^^^^^^^^^^^^^^^^^^^^^^^^^^^^^^^^^^^^^^^^^^^^^^^^^^^^^^^^^^^^^^^^^^^^^^^^^^^^^^^^^^^^^^^^^^^^^^\n  File \"/app/users/authService.py\", line 12, in execute\n    user = self.manager.get_by_email(email)\n  File \"/app/users/authManager.py\", line 15, in get_by_email\n    except self.model.DoesNotExist:\n           ^^^^^^^^^^^^^^^^^^^^^^^\nAttributeError: 'NoneType' object has no attribute 'DoesNotExist'"}
{"timestamp": "2025-12-01 19:30:25", "level": "ERROR", "logger": "django.server", "message": "\"POST /api/users/register HTTP/1.0\" 500 102607", "module": "basehttp", "filename": "basehttp.py", "line": 212}
{"timestamp": "2025-12-01 19:30:25", "level": "ERROR", "logger": "django.server", "message": "\"POST /api/users/register HTTP/1.0\" 500 102607", "module": "basehttp", "filename": "basehttp.py", "line": 212}
{"timestamp": "2025-12-01 19:31:20", "level": "INFO", "logger": "django.utils.autoreload", "message": "/app/users/authManager.py changed, reloading.", "module": "autoreload", "filename": "autoreload.py", "line": 266}
{"timestamp": "2025-12-01 19:31:20", "level": "INFO", "logger": "django.utils.autoreload", "message": "/app/users/authManager.py changed, reloading.", "module": "autoreload", "filename": "autoreload.py", "line": 266}
{"timestamp": "2025-12-01 19:31:21", "level": "INFO", "logger": "django.utils.autoreload", "message": "Watching for file changes with StatReloader", "module": "autoreload", "filename": "autoreload.py", "line": 668}
{"timestamp": "2025-12-01 19:31:21", "level": "INFO", "logger": "django.utils.autoreload", "message": "Watching for file changes with StatReloader", "module": "autoreload", "filename": "autoreload.py", "line": 668}
{"timestamp": "2025-12-01 19:31:42", "level": "INFO", "logger": "django.utils.autoreload", "message": "/app/users/authManager.py changed, reloading.", "module": "autoreload", "filename": "autoreload.py", "line": 266}
{"timestamp": "2025-12-01 19:31:42", "level": "INFO", "logger": "django.utils.autoreload", "message": "/app/users/authManager.py changed, reloading.", "module": "autoreload", "filename": "autoreload.py", "line": 266}
{"timestamp": "2025-12-01 19:31:43", "level": "INFO", "logger": "django.utils.autoreload", "message": "Watching for file changes with StatReloader", "module": "autoreload", "filename": "autoreload.py", "line": 668}
{"timestamp": "2025-12-01 19:31:43", "level": "INFO", "logger": "django.utils.autoreload", "message": "Watching for file changes with StatReloader", "module": "autoreload", "filename": "autoreload.py", "line": 668}
{"timestamp": "2025-12-01 19:32:57", "level": "INFO", "logger": "django.utils.autoreload", "message": "/app/users/authManager.py changed, reloading.", "module": "autoreload", "filename": "autoreload.py", "line": 266}
{"timestamp": "2025-12-01 19:32:57", "level": "INFO", "logger": "django.utils.autoreload", "message": "/app/users/authManager.py changed, reloading.", "module": "autoreload", "filename": "autoreload.py", "line": 266}
{"timestamp": "2025-12-01 19:32:57", "level": "INFO", "logger": "django.utils.autoreload", "message": "Watching for file changes with StatReloader", "module": "autoreload", "filename": "autoreload.py", "line": 668}
{"timestamp": "2025-12-01 19:32:57", "level": "INFO", "logger": "django.utils.autoreload", "message": "Watching for file changes with StatReloader", "module": "autoreload", "filename": "autoreload.py", "line": 668}
{"timestamp": "2025-12-01 19:33:01", "level": "INFO", "logger": "django.utils.autoreload", "message": "/app/users/models.py changed, reloading.", "module": "autoreload", "filename": "autoreload.py", "line": 266}
{"timestamp": "2025-12-01 19:33:01", "level": "INFO", "logger": "django.utils.autoreload", "message": "/app/users/models.py changed, reloading.", "module": "autoreload", "filename": "autoreload.py", "line": 266}
{"timestamp": "2025-12-01 19:33:01", "level": "INFO", "logger": "django.utils.autoreload", "message": "Watching for file changes with StatReloader", "module": "autoreload", "filename": "autoreload.py", "line": 668}
{"timestamp": "2025-12-01 19:33:01", "level": "INFO", "logger": "django.utils.autoreload", "message": "Watching for file changes with StatReloader", "module": "autoreload", "filename": "autoreload.py", "line": 668}
{"timestamp": "2025-12-01 19:34:19", "level": "INFO", "logger": "django.utils.autoreload", "message": "/app/users/authManager.py changed, reloading.", "module": "autoreload", "filename": "autoreload.py", "line": 266}
{"timestamp": "2025-12-01 19:34:19", "level": "INFO", "logger": "django.utils.autoreload", "message": "/app/users/authManager.py changed, reloading.", "module": "autoreload", "filename": "autoreload.py", "line": 266}
{"timestamp": "2025-12-01 19:34:20", "level": "INFO", "logger": "django.utils.autoreload", "message": "Watching for file changes with StatReloader", "module": "autoreload", "filename": "autoreload.py", "line": 668}
{"timestamp": "2025-12-01 19:34:20", "level": "INFO", "logger": "django.utils.autoreload", "message": "Watching for file changes with StatReloader", "module": "autoreload", "filename": "autoreload.py", "line": 668}
{"timestamp": "2025-12-01 19:34:21", "level": "INFO", "logger": "django.utils.autoreload", "message": "/app/users/authManager.py changed, reloading.", "module": "autoreload", "filename": "autoreload.py", "line": 266}
{"timestamp": "2025-12-01 19:34:21", "level": "INFO", "logger": "django.utils.autoreload", "message": "/app/users/authManager.py changed, reloading.", "module": "autoreload", "filename": "autoreload.py", "line": 266}
{"timestamp": "2025-12-01 19:34:22", "level": "INFO", "logger": "django.utils.autoreload", "message": "Watching for file changes with StatReloader", "module": "autoreload", "filename": "autoreload.py", "line": 668}
{"timestamp": "2025-12-01 19:34:22", "level": "INFO", "logger": "django.utils.autoreload", "message": "Watching for file changes with StatReloader", "module": "autoreload", "filename": "autoreload.py", "line": 668}
{"timestamp": "2025-12-01 19:34:26", "level": "INFO", "logger": "django.utils.autoreload", "message": "/app/users/authManager.py changed, reloading.", "module": "autoreload", "filename": "autoreload.py", "line": 266}
{"timestamp": "2025-12-01 19:34:26", "level": "INFO", "logger": "django.utils.autoreload", "message": "/app/users/authManager.py changed, reloading.", "module": "autoreload", "filename": "autoreload.py", "line": 266}
{"timestamp": "2025-12-01 19:34:26", "level": "INFO", "logger": "django.utils.autoreload", "message": "Watching for file changes with StatReloader", "module": "autoreload", "filename": "autoreload.py", "line": 668}
{"timestamp": "2025-12-01 19:34:26", "level": "INFO", "logger": "django.utils.autoreload", "message": "Watching for file changes with StatReloader", "module": "autoreload", "filename": "autoreload.py", "line": 668}
{"timestamp": "2025-12-01 19:34:30", "level": "ERROR", "logger": "django.request", "message": "Internal Server Error: /api/users/register", "module": "log", "filename": "log.py", "line": 241, "exception": "Traceback (most recent call last):\n  File \"/usr/local/lib/python3.13/site-packages/django/core/handlers/exception.py\", line 55, in inner\n    response = get_response(request)\n  File \"/usr/local/lib/python3.13/site-packages/django/core/handlers/base.py\", line 197, in _get_response\n    response = wrapped_callback(request, *callback_args, **callback_kwargs)\n  File \"/usr/local/lib/python3.13/site-packages/django/views/decorators/csrf.py\", line 56, in wrapper_view\n    return view_func(*args, **kwargs)\n  File \"/usr/local/lib/python3.13/site-packages/django/views/generic/base.py\", line 104, in view\n    return self.dispatch(request, *args, **kwargs)\n           ~~~~~~~~~~~~~^^^^^^^^^^^^^^^^^^^^^^^^^^\n  File \"/usr/local/lib/python3.13/site-packages/rest_framework/views.py\", line 515, in dispatch\n    response = self.handle_exception(exc)\n  File \"/usr/local/lib/python3.13/site-packages/rest_framework/views.py\", line 475, in handle_exception\n    self.raise_uncaught_exception(exc)\n    ~~~~~~~~~~~~~~~~~~~~~~~~~~~~~^^^^^\n  File \"/usr/local/lib/python3.13/site-packages/rest_framework/views.py\", line 486, in raise_uncaught_exception\n    raise exc\n  File \"/usr/local/lib/python3.13/site-packages/rest_framework/views.py\", line 512, in dispatch\n    response = handler(request, *args, **kwargs)\n  File \"/app/users/authViews.py\", line 22, in post\n    registerService.execute(email=data[\"email\"], name=data[\"name\"], password=data[\"password\"], phone=data[\"phone\"], birthday=data[\"birthday\"])\n    ~~~~~~~~~~~~~~~~~~~~~~~^^^^^^^^^^^^^^^^^^^^^^^^^^^^^^^^^^^^^^^^^^^^^^^^^^^^^^^^^^^^^^^^^^^^^^^^^^^^^^^^^^^^^^^^^^^^^^^^^^^^^^^^^^^^^^^^^^^\n  File \"/app/users/authService.py\", line 19, in execute\n    user = self.manager.create_user(name, email, password, phone, birthday)\n  File \"/app/users/authManager.py\", line 18, in create_user\n    return User.objects.create_user(name, email, password, phone, birthday, **extra_fields)\n           ~~~~~~~~~~~~~~~~~~~~~~~~^^^^^^^^^^^^^^^^^^^^^^^^^^^^^^^^^^^^^^^^^^^^^^^^^^^^^^^^\n  File \"/app/users/models.py\", line 19, in create_user\n    user = self.model(name, email, phone, birthday, **extra_fields)\n  File \"/usr/local/lib/python3.13/site-packages/django/db/models/base.py\", line 500, in __init__\n    raise TypeError(\n    ...<2 lines>...\n    )\nTypeError: User() got both positional and keyword arguments for field 'is_superuser'."}
{"timestamp": "2025-12-01 19:34:30", "level": "ERROR", "logger": "django.request", "message": "Internal Server Error: /api/users/register", "module": "log", "filename": "log.py", "line": 241, "exception": "Traceback (most recent call last):\n  File \"/usr/local/lib/python3.13/site-packages/django/core/handlers/exception.py\", line 55, in inner\n    response = get_response(request)\n  File \"/usr/local/lib/python3.13/site-packages/django/core/handlers/base.py\", line 197, in _get_response\n    response = wrapped_callback(request, *callback_args, **callback_kwargs)\n  File \"/usr/local/lib/python3.13/site-packages/django/views/decorators/csrf.py\", line 56, in wrapper_view\n    return view_func(*args, **kwargs)\n  File \"/usr/local/lib/python3.13/site-packages/django/views/generic/base.py\", line 104, in view\n    return self.dispatch(request, *args, **kwargs)\n           ~~~~~~~~~~~~~^^^^^^^^^^^^^^^^^^^^^^^^^^\n  File \"/usr/local/lib/python3.13/site-packages/rest_framework/views.py\", line 515, in dispatch\n    response = self.handle_exception(exc)\n  File \"/usr/local/lib/python3.13/site-packages/rest_framework/views.py\", line 475, in handle_exception\n    self.raise_uncaught_exception(exc)\n    ~~~~~~~~~~~~~~~~~~~~~~~~~~~~~^^^^^\n  File \"/usr/local/lib/python3.13/site-packages/rest_framework/views.py\", line 486, in raise_uncaught_exception\n    raise exc\n  File \"/usr/local/lib/python3.13/site-packages/rest_framework/views.py\", line 512, in dispatch\n    response = handler(request, *args, **kwargs)\n  File \"/app/users/authViews.py\", line 22, in post\n    registerService.execute(email=data[\"email\"], name=data[\"name\"], password=data[\"password\"], phone=data[\"phone\"], birthday=data[\"birthday\"])\n    ~~~~~~~~~~~~~~~~~~~~~~~^^^^^^^^^^^^^^^^^^^^^^^^^^^^^^^^^^^^^^^^^^^^^^^^^^^^^^^^^^^^^^^^^^^^^^^^^^^^^^^^^^^^^^^^^^^^^^^^^^^^^^^^^^^^^^^^^^^\n  File \"/app/users/authService.py\", line 19, in execute\n    user = self.manager.create_user(name, email, password, phone, birthday)\n  File \"/app/users/authManager.py\", line 18, in create_user\n    return User.objects.create_user(name, email, password, phone, birthday, **extra_fields)\n           ~~~~~~~~~~~~~~~~~~~~~~~~^^^^^^^^^^^^^^^^^^^^^^^^^^^^^^^^^^^^^^^^^^^^^^^^^^^^^^^^\n  File \"/app/users/models.py\", line 19, in create_user\n    user = self.model(name, email, phone, birthday, **extra_fields)\n  File \"/usr/local/lib/python3.13/site-packages/django/db/models/base.py\", line 500, in __init__\n    raise TypeError(\n    ...<2 lines>...\n    )\nTypeError: User() got both positional and keyword arguments for field 'is_superuser'."}
{"timestamp": "2025-12-01 19:34:30", "level": "ERROR", "logger": "django.server", "message": "\"POST /api/users/register HTTP/1.0\" 500 111067", "module": "basehttp", "filename": "basehttp.py", "line": 212}
{"timestamp": "2025-12-01 19:34:30", "level": "ERROR", "logger": "django.server", "message": "\"POST /api/users/register HTTP/1.0\" 500 111067", "module": "basehttp", "filename": "basehttp.py", "line": 212}
{"timestamp": "2025-12-01 19:35:02", "level": "INFO", "logger": "django.utils.autoreload", "message": "/app/users/authManager.py changed, reloading.", "module": "autoreload", "filename": "autoreload.py", "line": 266}
{"timestamp": "2025-12-01 19:35:02", "level": "INFO", "logger": "django.utils.autoreload", "message": "/app/users/authManager.py changed, reloading.", "module": "autoreload", "filename": "autoreload.py", "line": 266}
{"timestamp": "2025-12-01 19:35:03", "level": "INFO", "logger": "django.utils.autoreload", "message": "Watching for file changes with StatReloader", "module": "autoreload", "filename": "autoreload.py", "line": 668}
{"timestamp": "2025-12-01 19:35:03", "level": "INFO", "logger": "django.utils.autoreload", "message": "Watching for file changes with StatReloader", "module": "autoreload", "filename": "autoreload.py", "line": 668}
{"timestamp": "2025-12-01 19:35:04", "level": "ERROR", "logger": "django.request", "message": "Internal Server Error: /api/users/register", "module": "log", "filename": "log.py", "line": 241, "exception": "Traceback (most recent call last):\n  File \"/usr/local/lib/python3.13/site-packages/django/core/handlers/exception.py\", line 55, in inner\n    response = get_response(request)\n  File \"/usr/local/lib/python3.13/site-packages/django/core/handlers/base.py\", line 197, in _get_response\n    response = wrapped_callback(request, *callback_args, **callback_kwargs)\n  File \"/usr/local/lib/python3.13/site-packages/django/views/decorators/csrf.py\", line 56, in wrapper_view\n    return view_func(*args, **kwargs)\n  File \"/usr/local/lib/python3.13/site-packages/django/views/generic/base.py\", line 104, in view\n    return self.dispatch(request, *args, **kwargs)\n           ~~~~~~~~~~~~~^^^^^^^^^^^^^^^^^^^^^^^^^^\n  File \"/usr/local/lib/python3.13/site-packages/rest_framework/views.py\", line 515, in dispatch\n    response = self.handle_exception(exc)\n  File \"/usr/local/lib/python3.13/site-packages/rest_framework/views.py\", line 475, in handle_exception\n    self.raise_uncaught_exception(exc)\n    ~~~~~~~~~~~~~~~~~~~~~~~~~~~~~^^^^^\n  File \"/usr/local/lib/python3.13/site-packages/rest_framework/views.py\", line 486, in raise_uncaught_exception\n    raise exc\n  File \"/usr/local/lib/python3.13/site-packages/rest_framework/views.py\", line 512, in dispatch\n    response = handler(request, *args, **kwargs)\n  File \"/app/users/authViews.py\", line 22, in post\n    registerService.execute(email=data[\"email\"], name=data[\"name\"], password=data[\"password\"], phone=data[\"phone\"], birthday=data[\"birthday\"])\n    ~~~~~~~~~~~~~~~~~~~~~~~^^^^^^^^^^^^^^^^^^^^^^^^^^^^^^^^^^^^^^^^^^^^^^^^^^^^^^^^^^^^^^^^^^^^^^^^^^^^^^^^^^^^^^^^^^^^^^^^^^^^^^^^^^^^^^^^^^^\n  File \"/app/users/authService.py\", line 19, in execute\n    user = self.manager.create_user(name, email, password, phone, birthday)\n  File \"/app/users/authManager.py\", line 19, in create_user\n    return User.objects.create_user(name, email, password, phone, birthday, **extra_fields)\n           ~~~~~~~~~~~~~~~~~~~~~~~~^^^^^^^^^^^^^^^^^^^^^^^^^^^^^^^^^^^^^^^^^^^^^^^^^^^^^^^^\n  File \"/app/users/models.py\", line 19, in create_user\n    user = self.model(name, email, phone, birthday, **extra_fields)\n  File \"/usr/local/lib/python3.13/site-packages/django/db/models/base.py\", line 500, in __init__\n    raise TypeError(\n    ...<2 lines>...\n    )\nTypeError: User() got both positional and keyword arguments for field 'is_superuser'."}
{"timestamp": "2025-12-01 19:35:04", "level": "ERROR", "logger": "django.request", "message": "Internal Server Error: /api/users/register", "module": "log", "filename": "log.py", "line": 241, "exception": "Traceback (most recent call last):\n  File \"/usr/local/lib/python3.13/site-packages/django/core/handlers/exception.py\", line 55, in inner\n    response = get_response(request)\n  File \"/usr/local/lib/python3.13/site-packages/django/core/handlers/base.py\", line 197, in _get_response\n    response = wrapped_callback(request, *callback_args, **callback_kwargs)\n  File \"/usr/local/lib/python3.13/site-packages/django/views/decorators/csrf.py\", line 56, in wrapper_view\n    return view_func(*args, **kwargs)\n  File \"/usr/local/lib/python3.13/site-packages/django/views/generic/base.py\", line 104, in view\n    return self.dispatch(request, *args, **kwargs)\n           ~~~~~~~~~~~~~^^^^^^^^^^^^^^^^^^^^^^^^^^\n  File \"/usr/local/lib/python3.13/site-packages/rest_framework/views.py\", line 515, in dispatch\n    response = self.handle_exception(exc)\n  File \"/usr/local/lib/python3.13/site-packages/rest_framework/views.py\", line 475, in handle_exception\n    self.raise_uncaught_exception(exc)\n    ~~~~~~~~~~~~~~~~~~~~~~~~~~~~~^^^^^\n  File \"/usr/local/lib/python3.13/site-packages/rest_framework/views.py\", line 486, in raise_uncaught_exception\n    raise exc\n  File \"/usr/local/lib/python3.13/site-packages/rest_framework/views.py\", line 512, in dispatch\n    response = handler(request, *args, **kwargs)\n  File \"/app/users/authViews.py\", line 22, in post\n    registerService.execute(email=data[\"email\"], name=data[\"name\"], password=data[\"password\"], phone=data[\"phone\"], birthday=data[\"birthday\"])\n    ~~~~~~~~~~~~~~~~~~~~~~~^^^^^^^^^^^^^^^^^^^^^^^^^^^^^^^^^^^^^^^^^^^^^^^^^^^^^^^^^^^^^^^^^^^^^^^^^^^^^^^^^^^^^^^^^^^^^^^^^^^^^^^^^^^^^^^^^^^\n  File \"/app/users/authService.py\", line 19, in execute\n    user = self.manager.create_user(name, email, password, phone, birthday)\n  File \"/app/users/authManager.py\", line 19, in create_user\n    return User.objects.create_user(name, email, password, phone, birthday, **extra_fields)\n           ~~~~~~~~~~~~~~~~~~~~~~~~^^^^^^^^^^^^^^^^^^^^^^^^^^^^^^^^^^^^^^^^^^^^^^^^^^^^^^^^\n  File \"/app/users/models.py\", line 19, in create_user\n    user = self.model(name, email, phone, birthday, **extra_fields)\n  File \"/usr/local/lib/python3.13/site-packages/django/db/models/base.py\", line 500, in __init__\n    raise TypeError(\n    ...<2 lines>...\n    )\nTypeError: User() got both positional and keyword arguments for field 'is_superuser'."}
{"timestamp": "2025-12-01 19:35:04", "level": "ERROR", "logger": "django.server", "message": "\"POST /api/users/register HTTP/1.0\" 500 111101", "module": "basehttp", "filename": "basehttp.py", "line": 212}
{"timestamp": "2025-12-01 19:35:04", "level": "ERROR", "logger": "django.server", "message": "\"POST /api/users/register HTTP/1.0\" 500 111101", "module": "basehttp", "filename": "basehttp.py", "line": 212}
{"timestamp": "2025-12-01 19:36:20", "level": "INFO", "logger": "django.utils.autoreload", "message": "/app/users/models.py changed, reloading.", "module": "autoreload", "filename": "autoreload.py", "line": 266}
{"timestamp": "2025-12-01 19:36:20", "level": "INFO", "logger": "django.utils.autoreload", "message": "/app/users/models.py changed, reloading.", "module": "autoreload", "filename": "autoreload.py", "line": 266}
{"timestamp": "2025-12-01 19:36:20", "level": "INFO", "logger": "django.utils.autoreload", "message": "Watching for file changes with StatReloader", "module": "autoreload", "filename": "autoreload.py", "line": 668}
{"timestamp": "2025-12-01 19:36:20", "level": "INFO", "logger": "django.utils.autoreload", "message": "Watching for file changes with StatReloader", "module": "autoreload", "filename": "autoreload.py", "line": 668}
{"timestamp": "2025-12-01 19:36:24", "level": "INFO", "logger": "users.authService", "message": "User registered succesfully: ander@ander.com", "module": "authService", "filename": "authService.py", "line": 20}
{"timestamp": "2025-12-01 19:36:24", "level": "INFO", "logger": "django.server", "message": "\"POST /api/users/register HTTP/1.0\" 200 44", "module": "basehttp", "filename": "basehttp.py", "line": 212}
{"timestamp": "2025-12-01 19:36:24", "level": "INFO", "logger": "django.server", "message": "\"POST /api/users/register HTTP/1.0\" 200 44", "module": "basehttp", "filename": "basehttp.py", "line": 212}
{"timestamp": "2025-12-01 19:39:36", "level": "WARNING", "logger": "django.request", "message": "Not Found: /api/login", "module": "log", "filename": "log.py", "line": 241}
{"timestamp": "2025-12-01 19:39:36", "level": "WARNING", "logger": "django.request", "message": "Not Found: /api/login", "module": "log", "filename": "log.py", "line": 241}
{"timestamp": "2025-12-01 19:39:36", "level": "WARNING", "logger": "django.server", "message": "\"POST /api/login HTTP/1.0\" 404 2210", "module": "basehttp", "filename": "basehttp.py", "line": 212}
{"timestamp": "2025-12-01 19:39:36", "level": "WARNING", "logger": "django.server", "message": "\"POST /api/login HTTP/1.0\" 404 2210", "module": "basehttp", "filename": "basehttp.py", "line": 212}
{"timestamp": "2025-12-01 19:39:46", "level": "WARNING", "logger": "django.request", "message": "Not Found: /api/login", "module": "log", "filename": "log.py", "line": 241}
{"timestamp": "2025-12-01 19:39:46", "level": "WARNING", "logger": "django.request", "message": "Not Found: /api/login", "module": "log", "filename": "log.py", "line": 241}
{"timestamp": "2025-12-01 19:39:46", "level": "WARNING", "logger": "django.server", "message": "\"POST /api/login HTTP/1.0\" 404 2210", "module": "basehttp", "filename": "basehttp.py", "line": 212}
{"timestamp": "2025-12-01 19:39:46", "level": "WARNING", "logger": "django.server", "message": "\"POST /api/login HTTP/1.0\" 404 2210", "module": "basehttp", "filename": "basehttp.py", "line": 212}
{"timestamp": "2025-12-01 19:39:48", "level": "WARNING", "logger": "django.request", "message": "Not Found: /api/login", "module": "log", "filename": "log.py", "line": 241}
{"timestamp": "2025-12-01 19:39:48", "level": "WARNING", "logger": "django.request", "message": "Not Found: /api/login", "module": "log", "filename": "log.py", "line": 241}
{"timestamp": "2025-12-01 19:39:48", "level": "WARNING", "logger": "django.server", "message": "\"POST /api/login HTTP/1.0\" 404 2210", "module": "basehttp", "filename": "basehttp.py", "line": 212}
{"timestamp": "2025-12-01 19:39:48", "level": "WARNING", "logger": "django.server", "message": "\"POST /api/login HTTP/1.0\" 404 2210", "module": "basehttp", "filename": "basehttp.py", "line": 212}
{"timestamp": "2025-12-01 19:39:52", "level": "WARNING", "logger": "django.request", "message": "Not Found: /api/login", "module": "log", "filename": "log.py", "line": 241}
{"timestamp": "2025-12-01 19:39:52", "level": "WARNING", "logger": "django.request", "message": "Not Found: /api/login", "module": "log", "filename": "log.py", "line": 241}
{"timestamp": "2025-12-01 19:39:52", "level": "WARNING", "logger": "django.server", "message": "\"POST /api/login HTTP/1.0\" 404 2210", "module": "basehttp", "filename": "basehttp.py", "line": 212}
{"timestamp": "2025-12-01 19:39:52", "level": "WARNING", "logger": "django.server", "message": "\"POST /api/login HTTP/1.0\" 404 2210", "module": "basehttp", "filename": "basehttp.py", "line": 212}
{"timestamp": "2025-12-01 19:40:56", "level": "INFO", "logger": "users.authService", "message": "User registered succesfully: monre@monre.com", "module": "authService", "filename": "authService.py", "line": 20}
{"timestamp": "2025-12-01 19:40:56", "level": "INFO", "logger": "django.server", "message": "\"POST /api/users/register HTTP/1.0\" 200 44", "module": "basehttp", "filename": "basehttp.py", "line": 212}
{"timestamp": "2025-12-01 19:40:56", "level": "INFO", "logger": "django.server", "message": "\"POST /api/users/register HTTP/1.0\" 200 44", "module": "basehttp", "filename": "basehttp.py", "line": 212}
{"timestamp": "2025-12-01 19:41:07", "level": "WARNING", "logger": "django.request", "message": "Not Found: /api/login", "module": "log", "filename": "log.py", "line": 241}
{"timestamp": "2025-12-01 19:41:07", "level": "WARNING", "logger": "django.request", "message": "Not Found: /api/login", "module": "log", "filename": "log.py", "line": 241}
{"timestamp": "2025-12-01 19:41:07", "level": "WARNING", "logger": "django.server", "message": "\"POST /api/login HTTP/1.0\" 404 2210", "module": "basehttp", "filename": "basehttp.py", "line": 212}
{"timestamp": "2025-12-01 19:41:07", "level": "WARNING", "logger": "django.server", "message": "\"POST /api/login HTTP/1.0\" 404 2210", "module": "basehttp", "filename": "basehttp.py", "line": 212}
{"timestamp": "2025-12-01 19:41:24", "level": "INFO", "logger": "django.utils.autoreload", "message": "/app/users/authService.py changed, reloading.", "module": "autoreload", "filename": "autoreload.py", "line": 266}
{"timestamp": "2025-12-01 19:41:24", "level": "INFO", "logger": "django.utils.autoreload", "message": "/app/users/authService.py changed, reloading.", "module": "autoreload", "filename": "autoreload.py", "line": 266}
{"timestamp": "2025-12-01 19:41:25", "level": "INFO", "logger": "django.utils.autoreload", "message": "Watching for file changes with StatReloader", "module": "autoreload", "filename": "autoreload.py", "line": 668}
{"timestamp": "2025-12-01 19:41:25", "level": "INFO", "logger": "django.utils.autoreload", "message": "Watching for file changes with StatReloader", "module": "autoreload", "filename": "autoreload.py", "line": 668}
{"timestamp": "2025-12-01 19:41:26", "level": "INFO", "logger": "django.utils.autoreload", "message": "/app/users/authService.py changed, reloading.", "module": "autoreload", "filename": "autoreload.py", "line": 266}
{"timestamp": "2025-12-01 19:41:26", "level": "INFO", "logger": "django.utils.autoreload", "message": "/app/users/authService.py changed, reloading.", "module": "autoreload", "filename": "autoreload.py", "line": 266}
{"timestamp": "2025-12-01 19:41:26", "level": "INFO", "logger": "django.utils.autoreload", "message": "Watching for file changes with StatReloader", "module": "autoreload", "filename": "autoreload.py", "line": 668}
{"timestamp": "2025-12-01 19:41:26", "level": "INFO", "logger": "django.utils.autoreload", "message": "Watching for file changes with StatReloader", "module": "autoreload", "filename": "autoreload.py", "line": 668}
{"timestamp": "2025-12-01 19:41:36", "level": "INFO", "logger": "django.utils.autoreload", "message": "/app/users/authManager.py changed, reloading.", "module": "autoreload", "filename": "autoreload.py", "line": 266}
{"timestamp": "2025-12-01 19:41:36", "level": "INFO", "logger": "django.utils.autoreload", "message": "/app/users/authManager.py changed, reloading.", "module": "autoreload", "filename": "autoreload.py", "line": 266}
{"timestamp": "2025-12-01 19:41:36", "level": "INFO", "logger": "django.utils.autoreload", "message": "Watching for file changes with StatReloader", "module": "autoreload", "filename": "autoreload.py", "line": 668}
{"timestamp": "2025-12-01 19:41:36", "level": "INFO", "logger": "django.utils.autoreload", "message": "Watching for file changes with StatReloader", "module": "autoreload", "filename": "autoreload.py", "line": 668}
{"timestamp": "2025-12-01 19:41:41", "level": "WARNING", "logger": "django.request", "message": "Not Found: /api/login", "module": "log", "filename": "log.py", "line": 241}
{"timestamp": "2025-12-01 19:41:41", "level": "WARNING", "logger": "django.request", "message": "Not Found: /api/login", "module": "log", "filename": "log.py", "line": 241}
{"timestamp": "2025-12-01 19:41:41", "level": "WARNING", "logger": "django.server", "message": "\"POST /api/login HTTP/1.0\" 404 2210", "module": "basehttp", "filename": "basehttp.py", "line": 212}
{"timestamp": "2025-12-01 19:41:41", "level": "WARNING", "logger": "django.server", "message": "\"POST /api/login HTTP/1.0\" 404 2210", "module": "basehttp", "filename": "basehttp.py", "line": 212}
{"timestamp": "2025-12-01 19:41:45", "level": "WARNING", "logger": "django.request", "message": "Not Found: /api/login", "module": "log", "filename": "log.py", "line": 241}
{"timestamp": "2025-12-01 19:41:45", "level": "WARNING", "logger": "django.request", "message": "Not Found: /api/login", "module": "log", "filename": "log.py", "line": 241}
{"timestamp": "2025-12-01 19:41:45", "level": "WARNING", "logger": "django.server", "message": "\"POST /api/login HTTP/1.0\" 404 2210", "module": "basehttp", "filename": "basehttp.py", "line": 212}
{"timestamp": "2025-12-01 19:41:45", "level": "WARNING", "logger": "django.server", "message": "\"POST /api/login HTTP/1.0\" 404 2210", "module": "basehttp", "filename": "basehttp.py", "line": 212}
{"timestamp": "2025-12-01 19:42:07", "level": "WARNING", "logger": "django.request", "message": "Not Found: /api/login", "module": "log", "filename": "log.py", "line": 241}
{"timestamp": "2025-12-01 19:42:07", "level": "WARNING", "logger": "django.request", "message": "Not Found: /api/login", "module": "log", "filename": "log.py", "line": 241}
{"timestamp": "2025-12-01 19:42:07", "level": "WARNING", "logger": "django.server", "message": "\"POST /api/login HTTP/1.0\" 404 2210", "module": "basehttp", "filename": "basehttp.py", "line": 212}
{"timestamp": "2025-12-01 19:42:07", "level": "WARNING", "logger": "django.server", "message": "\"POST /api/login HTTP/1.0\" 404 2210", "module": "basehttp", "filename": "basehttp.py", "line": 212}
{"timestamp": "2025-12-01 19:42:16", "level": "ERROR", "logger": "django.request", "message": "Internal Server Error: /api/users/login", "module": "log", "filename": "log.py", "line": 241, "exception": "Traceback (most recent call last):\n  File \"/usr/local/lib/python3.13/site-packages/django/db/backends/utils.py\", line 89, in _execute\n    return self.cursor.execute(sql, params)\n           ~~~~~~~~~~~~~~~~~~~^^^^^^^^^^^^^\npsycopg2.errors.ForeignKeyViolation: insert or update on table \"token_blacklist_outstandingtoken\" violates foreign key constraint \"token_blacklist_outs_user_id_83bc629a_fk_users_use\"\nDETAIL:  Key (user_id)=(2) is not present in table \"users_user\".\n\n\nThe above exception was the direct cause of the following exception:\n\nTraceback (most recent call last):\n  File \"/usr/local/lib/python3.13/site-packages/django/core/handlers/exception.py\", line 55, in inner\n    response = get_response(request)\n  File \"/usr/local/lib/python3.13/site-packages/django/core/handlers/base.py\", line 197, in _get_response\n    response = wrapped_callback(request, *callback_args, **callback_kwargs)\n  File \"/usr/local/lib/python3.13/site-packages/django/views/decorators/csrf.py\", line 56, in wrapper_view\n    return view_func(*args, **kwargs)\n  File \"/usr/local/lib/python3.13/site-packages/django/views/generic/base.py\", line 104, in view\n    return self.dispatch(request, *args, **kwargs)\n           ~~~~~~~~~~~~~^^^^^^^^^^^^^^^^^^^^^^^^^^\n  File \"/usr/local/lib/python3.13/site-packages/rest_framework/views.py\", line 515, in dispatch\n    response = self.handle_exception(exc)\n  File \"/usr/local/lib/python3.13/site-packages/rest_framework/views.py\", line 475, in handle_exception\n    self.raise_uncaught_exception(exc)\n    ~~~~~~~~~~~~~~~~~~~~~~~~~~~~~^^^^^\n  File \"/usr/local/lib/python3.13/site-packages/rest_framework/views.py\", line 486, in raise_uncaught_exception\n    raise exc\n  File \"/usr/local/lib/python3.13/site-packages/rest_framework/views.py\", line 512, in dispatch\n    response = handler(request, *args, **kwargs)\n  File \"/app/users/authViews.py\", line 39, in post\n    user, token = loginService.execute(email=data['email'], password=data['password'])\n                  ~~~~~~~~~~~~~~~~~~~~^^^^^^^^^^^^^^^^^^^^^^^^^^^^^^^^^^^^^^^^^^^^^^^^\n  File \"/app/users/authService.py\", line 41, in execute\n    token = self.manager.create_token(user_auth)\n  File \"/app/users/authManager.py\", line 22, in create_token\n    refresh = RefreshToken.for_user(user)\n  File \"/usr/local/lib/python3.13/site-packages/rest_framework_simplejwt/tokens.py\", line 344, in for_user\n    OutstandingToken.objects.create(\n    ~~~~~~~~~~~~~~~~~~~~~~~~~~~~~~~^\n        user=user,\n        ^^^^^^^^^^\n    ...<3 lines>...\n        expires_at=datetime_from_epoch(exp),\n        ^^^^^^^^^^^^^^^^^^^^^^^^^^^^^^^^^^^^\n    )\n    ^\n  File \"/usr/local/lib/python3.13/site-packages/django/db/models/manager.py\", line 87, in manager_method\n    return getattr(self.get_queryset(), name)(*args, **kwargs)\n           ~~~~~~~~~~~~~~~~~~~~~~~~~~~~~~~~~~^^^^^^^^^^^^^^^^^\n  File \"/usr/local/lib/python3.13/site-packages/django/db/models/query.py\", line 658, in create\n    obj.save(force_insert=True, using=self.db)\n    ~~~~~~~~^^^^^^^^^^^^^^^^^^^^^^^^^^^^^^^^^^\n  File \"/usr/local/lib/python3.13/site-packages/django/db/models/base.py\", line 814, in save\n    self.save_base(\n    ~~~~~~~~~~~~~~^\n        using=using,\n        ^^^^^^^^^^^^\n    ...<2 lines>...\n        update_fields=update_fields,\n        ^^^^^^^^^^^^^^^^^^^^^^^^^^^^\n    )\n    ^\n  File \"/usr/local/lib/python3.13/site-packages/django/db/models/base.py\", line 877, in save_base\n    updated = self._save_table(\n        raw,\n    ...<4 lines>...\n        update_fields,\n    )\n  File \"/usr/local/lib/python3.13/site-packages/django/db/models/base.py\", line 1020, in _save_table\n    results = self._do_insert(\n        cls._base_manager, using, fields, returning_fields, raw\n    )\n  File \"/usr/local/lib/python3.13/site-packages/django/db/models/base.py\", line 1061, in _do_insert\n    return manager._insert(\n           ~~~~~~~~~~~~~~~^\n        [self],\n        ^^^^^^^\n    ...<3 lines>...\n        raw=raw,\n        ^^^^^^^^\n    )\n    ^\n  File \"/usr/local/lib/python3.13/site-packages/django/db/models/manager.py\", line 87, in manager_method\n    return getattr(self.get_queryset(), name)(*args, **kwargs)\n           ~~~~~~~~~~~~~~~~~~~~~~~~~~~~~~~~~~^^^^^^^^^^^^^^^^^\n  File \"/usr/local/lib/python3.13/site-packages/django/db/models/query.py\", line 1805, in _insert\n    return query.get_compiler(using=using).execute_sql(returning_fields)\n           ~~~~~~~~~~~~~~~~~~~~~~~~~~~~~~~~~~~~~~~~~~~^^^^^^^^^^^^^^^^^^\n  File \"/usr/local/lib/python3.13/site-packages/django/db/models/sql/compiler.py\", line 1820, in execute_sql\n    cursor.execute(sql, params)\n    ~~~~~~~~~~~~~~^^^^^^^^^^^^^\n  File \"/usr/local/lib/python3.13/site-packages/django/db/backends/utils.py\", line 102, in execute\n    return super().execute(sql, params)\n           ~~~~~~~~~~~~~~~^^^^^^^^^^^^^\n  File \"/usr/local/lib/python3.13/site-packages/django/db/backends/utils.py\", line 67, in execute\n    return self._execute_with_wrappers(\n           ~~~~~~~~~~~~~~~~~~~~~~~~~~~^\n        sql, params, many=False, executor=self._execute\n        ^^^^^^^^^^^^^^^^^^^^^^^^^^^^^^^^^^^^^^^^^^^^^^^\n    )\n    ^\n  File \"/usr/local/lib/python3.13/site-packages/django/db/backends/utils.py\", line 80, in _execute_with_wrappers\n    return executor(sql, params, many, context)\n  File \"/usr/local/lib/python3.13/site-packages/django/db/backends/utils.py\", line 84, in _execute\n    with self.db.wrap_database_errors:\n         ^^^^^^^^^^^^^^^^^^^^^^^^^^^^\n  File \"/usr/local/lib/python3.13/site-packages/django/db/utils.py\", line 91, in __exit__\n    raise dj_exc_value.with_traceback(traceback) from exc_value\n  File \"/usr/local/lib/python3.13/site-packages/django/db/backends/utils.py\", line 89, in _execute\n    return self.cursor.execute(sql, params)\n           ~~~~~~~~~~~~~~~~~~~^^^^^^^^^^^^^\ndjango.db.utils.IntegrityError: insert or update on table \"token_blacklist_outstandingtoken\" violates foreign key constraint \"token_blacklist_outs_user_id_83bc629a_fk_users_use\"\nDETAIL:  Key (user_id)=(2) is not present in table \"users_user\".\n"}
{"timestamp": "2025-12-01 19:42:16", "level": "ERROR", "logger": "django.request", "message": "Internal Server Error: /api/users/login", "module": "log", "filename": "log.py", "line": 241, "exception": "Traceback (most recent call last):\n  File \"/usr/local/lib/python3.13/site-packages/django/db/backends/utils.py\", line 89, in _execute\n    return self.cursor.execute(sql, params)\n           ~~~~~~~~~~~~~~~~~~~^^^^^^^^^^^^^\npsycopg2.errors.ForeignKeyViolation: insert or update on table \"token_blacklist_outstandingtoken\" violates foreign key constraint \"token_blacklist_outs_user_id_83bc629a_fk_users_use\"\nDETAIL:  Key (user_id)=(2) is not present in table \"users_user\".\n\n\nThe above exception was the direct cause of the following exception:\n\nTraceback (most recent call last):\n  File \"/usr/local/lib/python3.13/site-packages/django/core/handlers/exception.py\", line 55, in inner\n    response = get_response(request)\n  File \"/usr/local/lib/python3.13/site-packages/django/core/handlers/base.py\", line 197, in _get_response\n    response = wrapped_callback(request, *callback_args, **callback_kwargs)\n  File \"/usr/local/lib/python3.13/site-packages/django/views/decorators/csrf.py\", line 56, in wrapper_view\n    return view_func(*args, **kwargs)\n  File \"/usr/local/lib/python3.13/site-packages/django/views/generic/base.py\", line 104, in view\n    return self.dispatch(request, *args, **kwargs)\n           ~~~~~~~~~~~~~^^^^^^^^^^^^^^^^^^^^^^^^^^\n  File \"/usr/local/lib/python3.13/site-packages/rest_framework/views.py\", line 515, in dispatch\n    response = self.handle_exception(exc)\n  File \"/usr/local/lib/python3.13/site-packages/rest_framework/views.py\", line 475, in handle_exception\n    self.raise_uncaught_exception(exc)\n    ~~~~~~~~~~~~~~~~~~~~~~~~~~~~~^^^^^\n  File \"/usr/local/lib/python3.13/site-packages/rest_framework/views.py\", line 486, in raise_uncaught_exception\n    raise exc\n  File \"/usr/local/lib/python3.13/site-packages/rest_framework/views.py\", line 512, in dispatch\n    response = handler(request, *args, **kwargs)\n  File \"/app/users/authViews.py\", line 39, in post\n    user, token = loginService.execute(email=data['email'], password=data['password'])\n                  ~~~~~~~~~~~~~~~~~~~~^^^^^^^^^^^^^^^^^^^^^^^^^^^^^^^^^^^^^^^^^^^^^^^^\n  File \"/app/users/authService.py\", line 41, in execute\n    token = self.manager.create_token(user_auth)\n  File \"/app/users/authManager.py\", line 22, in create_token\n    refresh = RefreshToken.for_user(user)\n  File \"/usr/local/lib/python3.13/site-packages/rest_framework_simplejwt/tokens.py\", line 344, in for_user\n    OutstandingToken.objects.create(\n    ~~~~~~~~~~~~~~~~~~~~~~~~~~~~~~~^\n        user=user,\n        ^^^^^^^^^^\n    ...<3 lines>...\n        expires_at=datetime_from_epoch(exp),\n        ^^^^^^^^^^^^^^^^^^^^^^^^^^^^^^^^^^^^\n    )\n    ^\n  File \"/usr/local/lib/python3.13/site-packages/django/db/models/manager.py\", line 87, in manager_method\n    return getattr(self.get_queryset(), name)(*args, **kwargs)\n           ~~~~~~~~~~~~~~~~~~~~~~~~~~~~~~~~~~^^^^^^^^^^^^^^^^^\n  File \"/usr/local/lib/python3.13/site-packages/django/db/models/query.py\", line 658, in create\n    obj.save(force_insert=True, using=self.db)\n    ~~~~~~~~^^^^^^^^^^^^^^^^^^^^^^^^^^^^^^^^^^\n  File \"/usr/local/lib/python3.13/site-packages/django/db/models/base.py\", line 814, in save\n    self.save_base(\n    ~~~~~~~~~~~~~~^\n        using=using,\n        ^^^^^^^^^^^^\n    ...<2 lines>...\n        update_fields=update_fields,\n        ^^^^^^^^^^^^^^^^^^^^^^^^^^^^\n    )\n    ^\n  File \"/usr/local/lib/python3.13/site-packages/django/db/models/base.py\", line 877, in save_base\n    updated = self._save_table(\n        raw,\n    ...<4 lines>...\n        update_fields,\n    )\n  File \"/usr/local/lib/python3.13/site-packages/django/db/models/base.py\", line 1020, in _save_table\n    results = self._do_insert(\n        cls._base_manager, using, fields, returning_fields, raw\n    )\n  File \"/usr/local/lib/python3.13/site-packages/django/db/models/base.py\", line 1061, in _do_insert\n    return manager._insert(\n           ~~~~~~~~~~~~~~~^\n        [self],\n        ^^^^^^^\n    ...<3 lines>...\n        raw=raw,\n        ^^^^^^^^\n    )\n    ^\n  File \"/usr/local/lib/python3.13/site-packages/django/db/models/manager.py\", line 87, in manager_method\n    return getattr(self.get_queryset(), name)(*args, **kwargs)\n           ~~~~~~~~~~~~~~~~~~~~~~~~~~~~~~~~~~^^^^^^^^^^^^^^^^^\n  File \"/usr/local/lib/python3.13/site-packages/django/db/models/query.py\", line 1805, in _insert\n    return query.get_compiler(using=using).execute_sql(returning_fields)\n           ~~~~~~~~~~~~~~~~~~~~~~~~~~~~~~~~~~~~~~~~~~~^^^^^^^^^^^^^^^^^^\n  File \"/usr/local/lib/python3.13/site-packages/django/db/models/sql/compiler.py\", line 1820, in execute_sql\n    cursor.execute(sql, params)\n    ~~~~~~~~~~~~~~^^^^^^^^^^^^^\n  File \"/usr/local/lib/python3.13/site-packages/django/db/backends/utils.py\", line 102, in execute\n    return super().execute(sql, params)\n           ~~~~~~~~~~~~~~~^^^^^^^^^^^^^\n  File \"/usr/local/lib/python3.13/site-packages/django/db/backends/utils.py\", line 67, in execute\n    return self._execute_with_wrappers(\n           ~~~~~~~~~~~~~~~~~~~~~~~~~~~^\n        sql, params, many=False, executor=self._execute\n        ^^^^^^^^^^^^^^^^^^^^^^^^^^^^^^^^^^^^^^^^^^^^^^^\n    )\n    ^\n  File \"/usr/local/lib/python3.13/site-packages/django/db/backends/utils.py\", line 80, in _execute_with_wrappers\n    return executor(sql, params, many, context)\n  File \"/usr/local/lib/python3.13/site-packages/django/db/backends/utils.py\", line 84, in _execute\n    with self.db.wrap_database_errors:\n         ^^^^^^^^^^^^^^^^^^^^^^^^^^^^\n  File \"/usr/local/lib/python3.13/site-packages/django/db/utils.py\", line 91, in __exit__\n    raise dj_exc_value.with_traceback(traceback) from exc_value\n  File \"/usr/local/lib/python3.13/site-packages/django/db/backends/utils.py\", line 89, in _execute\n    return self.cursor.execute(sql, params)\n           ~~~~~~~~~~~~~~~~~~~^^^^^^^^^^^^^\ndjango.db.utils.IntegrityError: insert or update on table \"token_blacklist_outstandingtoken\" violates foreign key constraint \"token_blacklist_outs_user_id_83bc629a_fk_users_use\"\nDETAIL:  Key (user_id)=(2) is not present in table \"users_user\".\n"}
{"timestamp": "2025-12-01 19:42:16", "level": "ERROR", "logger": "django.server", "message": "\"POST /api/users/login HTTP/1.0\" 500 187886", "module": "basehttp", "filename": "basehttp.py", "line": 212}
{"timestamp": "2025-12-01 19:42:16", "level": "ERROR", "logger": "django.server", "message": "\"POST /api/users/login HTTP/1.0\" 500 187886", "module": "basehttp", "filename": "basehttp.py", "line": 212}
{"timestamp": "2025-12-01 19:56:17", "level": "INFO", "logger": "django.utils.autoreload", "message": "/app/users/authSerializers.py changed, reloading.", "module": "autoreload", "filename": "autoreload.py", "line": 266}
{"timestamp": "2025-12-01 19:56:17", "level": "INFO", "logger": "django.utils.autoreload", "message": "/app/users/authSerializers.py changed, reloading.", "module": "autoreload", "filename": "autoreload.py", "line": 266}
{"timestamp": "2025-12-01 19:56:18", "level": "INFO", "logger": "django.utils.autoreload", "message": "Watching for file changes with StatReloader", "module": "autoreload", "filename": "autoreload.py", "line": 668}
{"timestamp": "2025-12-01 19:56:18", "level": "INFO", "logger": "django.utils.autoreload", "message": "Watching for file changes with StatReloader", "module": "autoreload", "filename": "autoreload.py", "line": 668}
{"timestamp": "2025-12-01 19:56:50", "level": "INFO", "logger": "django.utils.autoreload", "message": "/app/users/authViews.py changed, reloading.", "module": "autoreload", "filename": "autoreload.py", "line": 266}
{"timestamp": "2025-12-01 19:56:50", "level": "INFO", "logger": "django.utils.autoreload", "message": "/app/users/authViews.py changed, reloading.", "module": "autoreload", "filename": "autoreload.py", "line": 266}
{"timestamp": "2025-12-01 19:56:51", "level": "INFO", "logger": "django.utils.autoreload", "message": "Watching for file changes with StatReloader", "module": "autoreload", "filename": "autoreload.py", "line": 668}
{"timestamp": "2025-12-01 19:56:51", "level": "INFO", "logger": "django.utils.autoreload", "message": "Watching for file changes with StatReloader", "module": "autoreload", "filename": "autoreload.py", "line": 668}
{"timestamp": "2025-12-01 19:57:35", "level": "INFO", "logger": "django.utils.autoreload", "message": "/app/config/settings.py changed, reloading.", "module": "autoreload", "filename": "autoreload.py", "line": 266}
{"timestamp": "2025-12-01 19:57:35", "level": "INFO", "logger": "django.utils.autoreload", "message": "/app/config/settings.py changed, reloading.", "module": "autoreload", "filename": "autoreload.py", "line": 266}
{"timestamp": "2025-12-01 19:57:35", "level": "INFO", "logger": "django.utils.autoreload", "message": "Watching for file changes with StatReloader", "module": "autoreload", "filename": "autoreload.py", "line": 668}
{"timestamp": "2025-12-01 19:57:35", "level": "INFO", "logger": "django.utils.autoreload", "message": "Watching for file changes with StatReloader", "module": "autoreload", "filename": "autoreload.py", "line": 668}
{"timestamp": "2025-12-01 19:57:43", "level": "INFO", "logger": "django.utils.autoreload", "message": "/app/config/settings.py changed, reloading.", "module": "autoreload", "filename": "autoreload.py", "line": 266}
{"timestamp": "2025-12-01 19:57:43", "level": "INFO", "logger": "django.utils.autoreload", "message": "/app/config/settings.py changed, reloading.", "module": "autoreload", "filename": "autoreload.py", "line": 266}
{"timestamp": "2025-12-01 19:57:43", "level": "INFO", "logger": "django.utils.autoreload", "message": "Watching for file changes with StatReloader", "module": "autoreload", "filename": "autoreload.py", "line": 668}
{"timestamp": "2025-12-01 19:57:43", "level": "INFO", "logger": "django.utils.autoreload", "message": "Watching for file changes with StatReloader", "module": "autoreload", "filename": "autoreload.py", "line": 668}
{"timestamp": "2025-12-01 19:58:01", "level": "INFO", "logger": "django.utils.autoreload", "message": "/app/config/settings.py changed, reloading.", "module": "autoreload", "filename": "autoreload.py", "line": 266}
{"timestamp": "2025-12-01 19:58:01", "level": "INFO", "logger": "django.utils.autoreload", "message": "/app/config/settings.py changed, reloading.", "module": "autoreload", "filename": "autoreload.py", "line": 266}
{"timestamp": "2025-12-01 19:58:02", "level": "INFO", "logger": "django.utils.autoreload", "message": "Watching for file changes with StatReloader", "module": "autoreload", "filename": "autoreload.py", "line": 668}
{"timestamp": "2025-12-01 19:58:02", "level": "INFO", "logger": "django.utils.autoreload", "message": "Watching for file changes with StatReloader", "module": "autoreload", "filename": "autoreload.py", "line": 668}
{"timestamp": "2025-12-01 20:03:17", "level": "INFO", "logger": "django.utils.autoreload", "message": "/app/users/authSerializers.py changed, reloading.", "module": "autoreload", "filename": "autoreload.py", "line": 266}
{"timestamp": "2025-12-01 20:03:17", "level": "INFO", "logger": "django.utils.autoreload", "message": "/app/users/authSerializers.py changed, reloading.", "module": "autoreload", "filename": "autoreload.py", "line": 266}
{"timestamp": "2025-12-01 20:03:18", "level": "INFO", "logger": "django.utils.autoreload", "message": "Watching for file changes with StatReloader", "module": "autoreload", "filename": "autoreload.py", "line": 668}
{"timestamp": "2025-12-01 20:03:18", "level": "INFO", "logger": "django.utils.autoreload", "message": "Watching for file changes with StatReloader", "module": "autoreload", "filename": "autoreload.py", "line": 668}
{"timestamp": "2025-12-01 20:07:12", "level": "INFO", "logger": "django.utils.autoreload", "message": "/app/users/authViews.py changed, reloading.", "module": "autoreload", "filename": "autoreload.py", "line": 266}
{"timestamp": "2025-12-01 20:07:12", "level": "INFO", "logger": "django.utils.autoreload", "message": "/app/users/authViews.py changed, reloading.", "module": "autoreload", "filename": "autoreload.py", "line": 266}
{"timestamp": "2025-12-01 20:07:12", "level": "INFO", "logger": "django.utils.autoreload", "message": "Watching for file changes with StatReloader", "module": "autoreload", "filename": "autoreload.py", "line": 668}
{"timestamp": "2025-12-01 20:07:12", "level": "INFO", "logger": "django.utils.autoreload", "message": "Watching for file changes with StatReloader", "module": "autoreload", "filename": "autoreload.py", "line": 668}
{"timestamp": "2025-12-01 20:07:23", "level": "WARNING", "logger": "django.request", "message": "Method Not Allowed: /api/users/login", "module": "log", "filename": "log.py", "line": 241}
{"timestamp": "2025-12-01 20:07:23", "level": "WARNING", "logger": "django.request", "message": "Method Not Allowed: /api/users/login", "module": "log", "filename": "log.py", "line": 241}
{"timestamp": "2025-12-01 20:07:23", "level": "WARNING", "logger": "django.server", "message": "\"POST /api/users/login HTTP/1.0\" 405 41", "module": "basehttp", "filename": "basehttp.py", "line": 212}
{"timestamp": "2025-12-01 20:07:23", "level": "WARNING", "logger": "django.server", "message": "\"POST /api/users/login HTTP/1.0\" 405 41", "module": "basehttp", "filename": "basehttp.py", "line": 212}
{"timestamp": "2025-12-01 20:08:13", "level": "WARNING", "logger": "django.request", "message": "Method Not Allowed: /api/users/login", "module": "log", "filename": "log.py", "line": 241}
{"timestamp": "2025-12-01 20:08:13", "level": "WARNING", "logger": "django.request", "message": "Method Not Allowed: /api/users/login", "module": "log", "filename": "log.py", "line": 241}
{"timestamp": "2025-12-01 20:08:13", "level": "WARNING", "logger": "django.server", "message": "\"POST /api/users/login HTTP/1.0\" 405 41", "module": "basehttp", "filename": "basehttp.py", "line": 212}
{"timestamp": "2025-12-01 20:08:13", "level": "WARNING", "logger": "django.server", "message": "\"POST /api/users/login HTTP/1.0\" 405 41", "module": "basehttp", "filename": "basehttp.py", "line": 212}
{"timestamp": "2025-12-01 20:08:17", "level": "WARNING", "logger": "django.request", "message": "Method Not Allowed: /api/users/login", "module": "log", "filename": "log.py", "line": 241}
{"timestamp": "2025-12-01 20:08:17", "level": "WARNING", "logger": "django.request", "message": "Method Not Allowed: /api/users/login", "module": "log", "filename": "log.py", "line": 241}
{"timestamp": "2025-12-01 20:08:17", "level": "WARNING", "logger": "django.server", "message": "\"POST /api/users/login HTTP/1.0\" 405 41", "module": "basehttp", "filename": "basehttp.py", "line": 212}
{"timestamp": "2025-12-01 20:08:17", "level": "WARNING", "logger": "django.server", "message": "\"POST /api/users/login HTTP/1.0\" 405 41", "module": "basehttp", "filename": "basehttp.py", "line": 212}
{"timestamp": "2025-12-01 20:14:32", "level": "INFO", "logger": "django.utils.autoreload", "message": "/app/users/authService.py changed, reloading.", "module": "autoreload", "filename": "autoreload.py", "line": 266}
{"timestamp": "2025-12-01 20:14:32", "level": "INFO", "logger": "django.utils.autoreload", "message": "/app/users/authService.py changed, reloading.", "module": "autoreload", "filename": "autoreload.py", "line": 266}
{"timestamp": "2025-12-01 20:14:32", "level": "INFO", "logger": "django.utils.autoreload", "message": "Watching for file changes with StatReloader", "module": "autoreload", "filename": "autoreload.py", "line": 668}
{"timestamp": "2025-12-01 20:14:32", "level": "INFO", "logger": "django.utils.autoreload", "message": "Watching for file changes with StatReloader", "module": "autoreload", "filename": "autoreload.py", "line": 668}
{"timestamp": "2025-12-01 20:14:38", "level": "INFO", "logger": "django.utils.autoreload", "message": "/app/users/authViews.py changed, reloading.", "module": "autoreload", "filename": "autoreload.py", "line": 266}
{"timestamp": "2025-12-01 20:14:38", "level": "INFO", "logger": "django.utils.autoreload", "message": "/app/users/authViews.py changed, reloading.", "module": "autoreload", "filename": "autoreload.py", "line": 266}
{"timestamp": "2025-12-01 20:14:38", "level": "INFO", "logger": "django.utils.autoreload", "message": "Watching for file changes with StatReloader", "module": "autoreload", "filename": "autoreload.py", "line": 668}
{"timestamp": "2025-12-01 20:14:38", "level": "INFO", "logger": "django.utils.autoreload", "message": "Watching for file changes with StatReloader", "module": "autoreload", "filename": "autoreload.py", "line": 668}
{"timestamp": "2025-12-01 20:14:45", "level": "INFO", "logger": "django.utils.autoreload", "message": "/app/users/authViews.py changed, reloading.", "module": "autoreload", "filename": "autoreload.py", "line": 266}
{"timestamp": "2025-12-01 20:14:45", "level": "INFO", "logger": "django.utils.autoreload", "message": "/app/users/authViews.py changed, reloading.", "module": "autoreload", "filename": "autoreload.py", "line": 266}
{"timestamp": "2025-12-01 20:14:46", "level": "INFO", "logger": "django.utils.autoreload", "message": "Watching for file changes with StatReloader", "module": "autoreload", "filename": "autoreload.py", "line": 668}
{"timestamp": "2025-12-01 20:14:46", "level": "INFO", "logger": "django.utils.autoreload", "message": "Watching for file changes with StatReloader", "module": "autoreload", "filename": "autoreload.py", "line": 668}
{"timestamp": "2025-12-01 20:15:13", "level": "INFO", "logger": "users.authService", "message": "User registered succesfully: ander1@ander.com", "module": "authService", "filename": "authService.py", "line": 20}
{"timestamp": "2025-12-01 20:15:13", "level": "ERROR", "logger": "django.request", "message": "Internal Server Error: /api/users/register", "module": "log", "filename": "log.py", "line": 241, "exception": "Traceback (most recent call last):\n  File \"/usr/local/lib/python3.13/site-packages/django/core/handlers/exception.py\", line 55, in inner\n    response = get_response(request)\n  File \"/usr/local/lib/python3.13/site-packages/django/core/handlers/base.py\", line 197, in _get_response\n    response = wrapped_callback(request, *callback_args, **callback_kwargs)\n  File \"/usr/local/lib/python3.13/site-packages/django/views/decorators/csrf.py\", line 56, in wrapper_view\n    return view_func(*args, **kwargs)\n  File \"/usr/local/lib/python3.13/site-packages/django/views/generic/base.py\", line 104, in view\n    return self.dispatch(request, *args, **kwargs)\n           ~~~~~~~~~~~~~^^^^^^^^^^^^^^^^^^^^^^^^^^\n  File \"/usr/local/lib/python3.13/site-packages/rest_framework/views.py\", line 515, in dispatch\n    response = self.handle_exception(exc)\n  File \"/usr/local/lib/python3.13/site-packages/rest_framework/views.py\", line 475, in handle_exception\n    self.raise_uncaught_exception(exc)\n    ~~~~~~~~~~~~~~~~~~~~~~~~~~~~~^^^^^\n  File \"/usr/local/lib/python3.13/site-packages/rest_framework/views.py\", line 486, in raise_uncaught_exception\n    raise exc\n  File \"/usr/local/lib/python3.13/site-packages/rest_framework/views.py\", line 512, in dispatch\n    response = handler(request, *args, **kwargs)\n  File \"/app/users/authViews.py\", line 24, in post\n    refresh = RefreshToken.for_user(user)\n  File \"/usr/local/lib/python3.13/site-packages/rest_framework_simplejwt/tokens.py\", line 347, in for_user\n    token=str(token),\n          ~~~^^^^^^^\n  File \"/usr/local/lib/python3.13/site-packages/rest_framework_simplejwt/tokens.py\", line 106, in __str__\n    return self.get_token_backend().encode(self.payload)\n           ~~~~~~~~~~~~~~~~~~~~~~^^\n  File \"/usr/local/lib/python3.13/site-packages/rest_framework_simplejwt/tokens.py\", line 252, in get_token_backend\n    return self.token_backend\n           ^^^^^^^^^^^^^^^^^^\n  File \"/usr/local/lib/python3.13/site-packages/rest_framework_simplejwt/tokens.py\", line 245, in token_backend\n    self._token_backend = import_string(\n                          ~~~~~~~~~~~~~^\n        \"rest_framework_simplejwt.state.token_backend\"\n        ^^^^^^^^^^^^^^^^^^^^^^^^^^^^^^^^^^^^^^^^^^^^^^\n    )\n    ^\n  File \"/usr/local/lib/python3.13/site-packages/django/utils/module_loading.py\", line 30, in import_string\n    return cached_import(module_path, class_name)\n  File \"/usr/local/lib/python3.13/site-packages/django/utils/module_loading.py\", line 15, in cached_import\n    module = import_module(module_path)\n  File \"/usr/local/lib/python3.13/importlib/__init__.py\", line 88, in import_module\n    return _bootstrap._gcd_import(name[level:], package, level)\n           ~~~~~~~~~~~~~~~~~~~~~~^^^^^^^^^^^^^^^^^^^^^^^^^^^^^^\n  File \"<frozen importlib._bootstrap>\", line 1387, in _gcd_import\n  File \"<frozen importlib._bootstrap>\", line 1360, in _find_and_load\n  File \"<frozen importlib._bootstrap>\", line 1331, in _find_and_load_unlocked\n  File \"<frozen importlib._bootstrap>\", line 935, in _load_unlocked\n  File \"<frozen importlib._bootstrap_external>\", line 1026, in exec_module\n  File \"<frozen importlib._bootstrap>\", line 488, in _call_with_frames_removed\n  File \"/usr/local/lib/python3.13/site-packages/rest_framework_simplejwt/state.py\", line 4, in <module>\n    token_backend = TokenBackend(\n        api_settings.ALGORITHM,\n    ...<6 lines>...\n        api_settings.JSON_ENCODER,\n    )\n  File \"/usr/local/lib/python3.13/site-packages/rest_framework_simplejwt/backends.py\", line 52, in __init__\n    self._validate_algorithm(algorithm)\n    ~~~~~~~~~~~~~~~~~~~~~~~~^^^^^^^^^^^\n  File \"/usr/local/lib/python3.13/site-packages/rest_framework_simplejwt/backends.py\", line 94, in _validate_algorithm\n    raise TokenBackendError(\n    ...<3 lines>...\n    )\nrest_framework_simplejwt.exceptions.TokenBackendError: You must have cryptography installed to use RS256."}
{"timestamp": "2025-12-01 20:15:13", "level": "ERROR", "logger": "django.request", "message": "Internal Server Error: /api/users/register", "module": "log", "filename": "log.py", "line": 241, "exception": "Traceback (most recent call last):\n  File \"/usr/local/lib/python3.13/site-packages/django/core/handlers/exception.py\", line 55, in inner\n    response = get_response(request)\n  File \"/usr/local/lib/python3.13/site-packages/django/core/handlers/base.py\", line 197, in _get_response\n    response = wrapped_callback(request, *callback_args, **callback_kwargs)\n  File \"/usr/local/lib/python3.13/site-packages/django/views/decorators/csrf.py\", line 56, in wrapper_view\n    return view_func(*args, **kwargs)\n  File \"/usr/local/lib/python3.13/site-packages/django/views/generic/base.py\", line 104, in view\n    return self.dispatch(request, *args, **kwargs)\n           ~~~~~~~~~~~~~^^^^^^^^^^^^^^^^^^^^^^^^^^\n  File \"/usr/local/lib/python3.13/site-packages/rest_framework/views.py\", line 515, in dispatch\n    response = self.handle_exception(exc)\n  File \"/usr/local/lib/python3.13/site-packages/rest_framework/views.py\", line 475, in handle_exception\n    self.raise_uncaught_exception(exc)\n    ~~~~~~~~~~~~~~~~~~~~~~~~~~~~~^^^^^\n  File \"/usr/local/lib/python3.13/site-packages/rest_framework/views.py\", line 486, in raise_uncaught_exception\n    raise exc\n  File \"/usr/local/lib/python3.13/site-packages/rest_framework/views.py\", line 512, in dispatch\n    response = handler(request, *args, **kwargs)\n  File \"/app/users/authViews.py\", line 24, in post\n    refresh = RefreshToken.for_user(user)\n  File \"/usr/local/lib/python3.13/site-packages/rest_framework_simplejwt/tokens.py\", line 347, in for_user\n    token=str(token),\n          ~~~^^^^^^^\n  File \"/usr/local/lib/python3.13/site-packages/rest_framework_simplejwt/tokens.py\", line 106, in __str__\n    return self.get_token_backend().encode(self.payload)\n           ~~~~~~~~~~~~~~~~~~~~~~^^\n  File \"/usr/local/lib/python3.13/site-packages/rest_framework_simplejwt/tokens.py\", line 252, in get_token_backend\n    return self.token_backend\n           ^^^^^^^^^^^^^^^^^^\n  File \"/usr/local/lib/python3.13/site-packages/rest_framework_simplejwt/tokens.py\", line 245, in token_backend\n    self._token_backend = import_string(\n                          ~~~~~~~~~~~~~^\n        \"rest_framework_simplejwt.state.token_backend\"\n        ^^^^^^^^^^^^^^^^^^^^^^^^^^^^^^^^^^^^^^^^^^^^^^\n    )\n    ^\n  File \"/usr/local/lib/python3.13/site-packages/django/utils/module_loading.py\", line 30, in import_string\n    return cached_import(module_path, class_name)\n  File \"/usr/local/lib/python3.13/site-packages/django/utils/module_loading.py\", line 15, in cached_import\n    module = import_module(module_path)\n  File \"/usr/local/lib/python3.13/importlib/__init__.py\", line 88, in import_module\n    return _bootstrap._gcd_import(name[level:], package, level)\n           ~~~~~~~~~~~~~~~~~~~~~~^^^^^^^^^^^^^^^^^^^^^^^^^^^^^^\n  File \"<frozen importlib._bootstrap>\", line 1387, in _gcd_import\n  File \"<frozen importlib._bootstrap>\", line 1360, in _find_and_load\n  File \"<frozen importlib._bootstrap>\", line 1331, in _find_and_load_unlocked\n  File \"<frozen importlib._bootstrap>\", line 935, in _load_unlocked\n  File \"<frozen importlib._bootstrap_external>\", line 1026, in exec_module\n  File \"<frozen importlib._bootstrap>\", line 488, in _call_with_frames_removed\n  File \"/usr/local/lib/python3.13/site-packages/rest_framework_simplejwt/state.py\", line 4, in <module>\n    token_backend = TokenBackend(\n        api_settings.ALGORITHM,\n    ...<6 lines>...\n        api_settings.JSON_ENCODER,\n    )\n  File \"/usr/local/lib/python3.13/site-packages/rest_framework_simplejwt/backends.py\", line 52, in __init__\n    self._validate_algorithm(algorithm)\n    ~~~~~~~~~~~~~~~~~~~~~~~~^^^^^^^^^^^\n  File \"/usr/local/lib/python3.13/site-packages/rest_framework_simplejwt/backends.py\", line 94, in _validate_algorithm\n    raise TokenBackendError(\n    ...<3 lines>...\n    )\nrest_framework_simplejwt.exceptions.TokenBackendError: You must have cryptography installed to use RS256."}
{"timestamp": "2025-12-01 20:15:13", "level": "ERROR", "logger": "django.server", "message": "\"POST /api/users/register HTTP/1.0\" 500 158931", "module": "basehttp", "filename": "basehttp.py", "line": 212}
{"timestamp": "2025-12-01 20:15:13", "level": "ERROR", "logger": "django.server", "message": "\"POST /api/users/register HTTP/1.0\" 500 158931", "module": "basehttp", "filename": "basehttp.py", "line": 212}
{"timestamp": "2025-12-01 20:16:06", "level": "INFO", "logger": "django.utils.autoreload", "message": "/app/users/authViews.py changed, reloading.", "module": "autoreload", "filename": "autoreload.py", "line": 266}
{"timestamp": "2025-12-01 20:16:06", "level": "INFO", "logger": "django.utils.autoreload", "message": "/app/users/authViews.py changed, reloading.", "module": "autoreload", "filename": "autoreload.py", "line": 266}
{"timestamp": "2025-12-01 20:16:07", "level": "INFO", "logger": "django.utils.autoreload", "message": "Watching for file changes with StatReloader", "module": "autoreload", "filename": "autoreload.py", "line": 668}
{"timestamp": "2025-12-01 20:16:07", "level": "INFO", "logger": "django.utils.autoreload", "message": "Watching for file changes with StatReloader", "module": "autoreload", "filename": "autoreload.py", "line": 668}
{"timestamp": "2025-12-01 20:16:18", "level": "WARNING", "logger": "users.authService", "message": "Registration failed, duplicate registration attempt: ander1@ander.com", "module": "authService", "filename": "authService.py", "line": 15}
{"timestamp": "2025-12-01 20:16:18", "level": "WARNING", "logger": "django.request", "message": "Bad Request: /api/users/register", "module": "log", "filename": "log.py", "line": 241}
{"timestamp": "2025-12-01 20:16:18", "level": "WARNING", "logger": "django.request", "message": "Bad Request: /api/users/register", "module": "log", "filename": "log.py", "line": 241}
{"timestamp": "2025-12-01 20:16:18", "level": "WARNING", "logger": "django.server", "message": "\"POST /api/users/register HTTP/1.0\" 400 82", "module": "basehttp", "filename": "basehttp.py", "line": 212}
{"timestamp": "2025-12-01 20:16:18", "level": "WARNING", "logger": "django.server", "message": "\"POST /api/users/register HTTP/1.0\" 400 82", "module": "basehttp", "filename": "basehttp.py", "line": 212}
{"timestamp": "2025-12-01 20:16:33", "level": "INFO", "logger": "users.authService", "message": "User registered succesfully: ander2@ander.com", "module": "authService", "filename": "authService.py", "line": 20}
{"timestamp": "2025-12-01 20:16:33", "level": "ERROR", "logger": "django.request", "message": "Internal Server Error: /api/users/register", "module": "log", "filename": "log.py", "line": 241, "exception": "Traceback (most recent call last):\n  File \"/usr/local/lib/python3.13/site-packages/django/core/handlers/exception.py\", line 55, in inner\n    response = get_response(request)\n  File \"/usr/local/lib/python3.13/site-packages/django/core/handlers/base.py\", line 197, in _get_response\n    response = wrapped_callback(request, *callback_args, **callback_kwargs)\n  File \"/usr/local/lib/python3.13/site-packages/django/views/decorators/csrf.py\", line 56, in wrapper_view\n    return view_func(*args, **kwargs)\n  File \"/usr/local/lib/python3.13/site-packages/django/views/generic/base.py\", line 104, in view\n    return self.dispatch(request, *args, **kwargs)\n           ~~~~~~~~~~~~~^^^^^^^^^^^^^^^^^^^^^^^^^^\n  File \"/usr/local/lib/python3.13/site-packages/rest_framework/views.py\", line 515, in dispatch\n    response = self.handle_exception(exc)\n  File \"/usr/local/lib/python3.13/site-packages/rest_framework/views.py\", line 475, in handle_exception\n    self.raise_uncaught_exception(exc)\n    ~~~~~~~~~~~~~~~~~~~~~~~~~~~~~^^^^^\n  File \"/usr/local/lib/python3.13/site-packages/rest_framework/views.py\", line 486, in raise_uncaught_exception\n    raise exc\n  File \"/usr/local/lib/python3.13/site-packages/rest_framework/views.py\", line 512, in dispatch\n    response = handler(request, *args, **kwargs)\n  File \"/app/users/authViews.py\", line 24, in post\n    refresh = RefreshToken.for_user(user)\n  File \"/usr/local/lib/python3.13/site-packages/rest_framework_simplejwt/tokens.py\", line 347, in for_user\n    token=str(token),\n          ~~~^^^^^^^\n  File \"/usr/local/lib/python3.13/site-packages/rest_framework_simplejwt/tokens.py\", line 106, in __str__\n    return self.get_token_backend().encode(self.payload)\n           ~~~~~~~~~~~~~~~~~~~~~~^^\n  File \"/usr/local/lib/python3.13/site-packages/rest_framework_simplejwt/tokens.py\", line 252, in get_token_backend\n    return self.token_backend\n           ^^^^^^^^^^^^^^^^^^\n  File \"/usr/local/lib/python3.13/site-packages/rest_framework_simplejwt/tokens.py\", line 245, in token_backend\n    self._token_backend = import_string(\n                          ~~~~~~~~~~~~~^\n        \"rest_framework_simplejwt.state.token_backend\"\n        ^^^^^^^^^^^^^^^^^^^^^^^^^^^^^^^^^^^^^^^^^^^^^^\n    )\n    ^\n  File \"/usr/local/lib/python3.13/site-packages/django/utils/module_loading.py\", line 30, in import_string\n    return cached_import(module_path, class_name)\n  File \"/usr/local/lib/python3.13/site-packages/django/utils/module_loading.py\", line 15, in cached_import\n    module = import_module(module_path)\n  File \"/usr/local/lib/python3.13/importlib/__init__.py\", line 88, in import_module\n    return _bootstrap._gcd_import(name[level:], package, level)\n           ~~~~~~~~~~~~~~~~~~~~~~^^^^^^^^^^^^^^^^^^^^^^^^^^^^^^\n  File \"<frozen importlib._bootstrap>\", line 1387, in _gcd_import\n  File \"<frozen importlib._bootstrap>\", line 1360, in _find_and_load\n  File \"<frozen importlib._bootstrap>\", line 1331, in _find_and_load_unlocked\n  File \"<frozen importlib._bootstrap>\", line 935, in _load_unlocked\n  File \"<frozen importlib._bootstrap_external>\", line 1026, in exec_module\n  File \"<frozen importlib._bootstrap>\", line 488, in _call_with_frames_removed\n  File \"/usr/local/lib/python3.13/site-packages/rest_framework_simplejwt/state.py\", line 4, in <module>\n    token_backend = TokenBackend(\n        api_settings.ALGORITHM,\n    ...<6 lines>...\n        api_settings.JSON_ENCODER,\n    )\n  File \"/usr/local/lib/python3.13/site-packages/rest_framework_simplejwt/backends.py\", line 52, in __init__\n    self._validate_algorithm(algorithm)\n    ~~~~~~~~~~~~~~~~~~~~~~~~^^^^^^^^^^^\n  File \"/usr/local/lib/python3.13/site-packages/rest_framework_simplejwt/backends.py\", line 94, in _validate_algorithm\n    raise TokenBackendError(\n    ...<3 lines>...\n    )\nrest_framework_simplejwt.exceptions.TokenBackendError: You must have cryptography installed to use RS256."}
{"timestamp": "2025-12-01 20:16:33", "level": "ERROR", "logger": "django.request", "message": "Internal Server Error: /api/users/register", "module": "log", "filename": "log.py", "line": 241, "exception": "Traceback (most recent call last):\n  File \"/usr/local/lib/python3.13/site-packages/django/core/handlers/exception.py\", line 55, in inner\n    response = get_response(request)\n  File \"/usr/local/lib/python3.13/site-packages/django/core/handlers/base.py\", line 197, in _get_response\n    response = wrapped_callback(request, *callback_args, **callback_kwargs)\n  File \"/usr/local/lib/python3.13/site-packages/django/views/decorators/csrf.py\", line 56, in wrapper_view\n    return view_func(*args, **kwargs)\n  File \"/usr/local/lib/python3.13/site-packages/django/views/generic/base.py\", line 104, in view\n    return self.dispatch(request, *args, **kwargs)\n           ~~~~~~~~~~~~~^^^^^^^^^^^^^^^^^^^^^^^^^^\n  File \"/usr/local/lib/python3.13/site-packages/rest_framework/views.py\", line 515, in dispatch\n    response = self.handle_exception(exc)\n  File \"/usr/local/lib/python3.13/site-packages/rest_framework/views.py\", line 475, in handle_exception\n    self.raise_uncaught_exception(exc)\n    ~~~~~~~~~~~~~~~~~~~~~~~~~~~~~^^^^^\n  File \"/usr/local/lib/python3.13/site-packages/rest_framework/views.py\", line 486, in raise_uncaught_exception\n    raise exc\n  File \"/usr/local/lib/python3.13/site-packages/rest_framework/views.py\", line 512, in dispatch\n    response = handler(request, *args, **kwargs)\n  File \"/app/users/authViews.py\", line 24, in post\n    refresh = RefreshToken.for_user(user)\n  File \"/usr/local/lib/python3.13/site-packages/rest_framework_simplejwt/tokens.py\", line 347, in for_user\n    token=str(token),\n          ~~~^^^^^^^\n  File \"/usr/local/lib/python3.13/site-packages/rest_framework_simplejwt/tokens.py\", line 106, in __str__\n    return self.get_token_backend().encode(self.payload)\n           ~~~~~~~~~~~~~~~~~~~~~~^^\n  File \"/usr/local/lib/python3.13/site-packages/rest_framework_simplejwt/tokens.py\", line 252, in get_token_backend\n    return self.token_backend\n           ^^^^^^^^^^^^^^^^^^\n  File \"/usr/local/lib/python3.13/site-packages/rest_framework_simplejwt/tokens.py\", line 245, in token_backend\n    self._token_backend = import_string(\n                          ~~~~~~~~~~~~~^\n        \"rest_framework_simplejwt.state.token_backend\"\n        ^^^^^^^^^^^^^^^^^^^^^^^^^^^^^^^^^^^^^^^^^^^^^^\n    )\n    ^\n  File \"/usr/local/lib/python3.13/site-packages/django/utils/module_loading.py\", line 30, in import_string\n    return cached_import(module_path, class_name)\n  File \"/usr/local/lib/python3.13/site-packages/django/utils/module_loading.py\", line 15, in cached_import\n    module = import_module(module_path)\n  File \"/usr/local/lib/python3.13/importlib/__init__.py\", line 88, in import_module\n    return _bootstrap._gcd_import(name[level:], package, level)\n           ~~~~~~~~~~~~~~~~~~~~~~^^^^^^^^^^^^^^^^^^^^^^^^^^^^^^\n  File \"<frozen importlib._bootstrap>\", line 1387, in _gcd_import\n  File \"<frozen importlib._bootstrap>\", line 1360, in _find_and_load\n  File \"<frozen importlib._bootstrap>\", line 1331, in _find_and_load_unlocked\n  File \"<frozen importlib._bootstrap>\", line 935, in _load_unlocked\n  File \"<frozen importlib._bootstrap_external>\", line 1026, in exec_module\n  File \"<frozen importlib._bootstrap>\", line 488, in _call_with_frames_removed\n  File \"/usr/local/lib/python3.13/site-packages/rest_framework_simplejwt/state.py\", line 4, in <module>\n    token_backend = TokenBackend(\n        api_settings.ALGORITHM,\n    ...<6 lines>...\n        api_settings.JSON_ENCODER,\n    )\n  File \"/usr/local/lib/python3.13/site-packages/rest_framework_simplejwt/backends.py\", line 52, in __init__\n    self._validate_algorithm(algorithm)\n    ~~~~~~~~~~~~~~~~~~~~~~~~^^^^^^^^^^^\n  File \"/usr/local/lib/python3.13/site-packages/rest_framework_simplejwt/backends.py\", line 94, in _validate_algorithm\n    raise TokenBackendError(\n    ...<3 lines>...\n    )\nrest_framework_simplejwt.exceptions.TokenBackendError: You must have cryptography installed to use RS256."}
{"timestamp": "2025-12-01 20:16:33", "level": "ERROR", "logger": "django.server", "message": "\"POST /api/users/register HTTP/1.0\" 500 158840", "module": "basehttp", "filename": "basehttp.py", "line": 212}
{"timestamp": "2025-12-01 20:16:33", "level": "ERROR", "logger": "django.server", "message": "\"POST /api/users/register HTTP/1.0\" 500 158840", "module": "basehttp", "filename": "basehttp.py", "line": 212}
{"timestamp": "2025-12-01 20:17:01", "level": "INFO", "logger": "django.utils.autoreload", "message": "/app/users/authService.py changed, reloading.", "module": "autoreload", "filename": "autoreload.py", "line": 266}
{"timestamp": "2025-12-01 20:17:01", "level": "INFO", "logger": "django.utils.autoreload", "message": "/app/users/authService.py changed, reloading.", "module": "autoreload", "filename": "autoreload.py", "line": 266}
{"timestamp": "2025-12-01 20:17:01", "level": "INFO", "logger": "django.utils.autoreload", "message": "Watching for file changes with StatReloader", "module": "autoreload", "filename": "autoreload.py", "line": 668}
{"timestamp": "2025-12-01 20:17:01", "level": "INFO", "logger": "django.utils.autoreload", "message": "Watching for file changes with StatReloader", "module": "autoreload", "filename": "autoreload.py", "line": 668}
{"timestamp": "2025-12-01 20:17:06", "level": "INFO", "logger": "users.authService", "message": "User registered succesfully: ander3@ander.com", "module": "authService", "filename": "authService.py", "line": 20}
{"timestamp": "2025-12-01 20:17:06", "level": "ERROR", "logger": "django.request", "message": "Internal Server Error: /api/users/register", "module": "log", "filename": "log.py", "line": 241, "exception": "Traceback (most recent call last):\n  File \"/usr/local/lib/python3.13/site-packages/django/core/handlers/exception.py\", line 55, in inner\n    response = get_response(request)\n  File \"/usr/local/lib/python3.13/site-packages/django/core/handlers/base.py\", line 197, in _get_response\n    response = wrapped_callback(request, *callback_args, **callback_kwargs)\n  File \"/usr/local/lib/python3.13/site-packages/django/views/decorators/csrf.py\", line 56, in wrapper_view\n    return view_func(*args, **kwargs)\n  File \"/usr/local/lib/python3.13/site-packages/django/views/generic/base.py\", line 104, in view\n    return self.dispatch(request, *args, **kwargs)\n           ~~~~~~~~~~~~~^^^^^^^^^^^^^^^^^^^^^^^^^^\n  File \"/usr/local/lib/python3.13/site-packages/rest_framework/views.py\", line 515, in dispatch\n    response = self.handle_exception(exc)\n  File \"/usr/local/lib/python3.13/site-packages/rest_framework/views.py\", line 475, in handle_exception\n    self.raise_uncaught_exception(exc)\n    ~~~~~~~~~~~~~~~~~~~~~~~~~~~~~^^^^^\n  File \"/usr/local/lib/python3.13/site-packages/rest_framework/views.py\", line 486, in raise_uncaught_exception\n    raise exc\n  File \"/usr/local/lib/python3.13/site-packages/rest_framework/views.py\", line 512, in dispatch\n    response = handler(request, *args, **kwargs)\n  File \"/app/users/authViews.py\", line 24, in post\n    refresh = RefreshToken.for_user(user)\n  File \"/usr/local/lib/python3.13/site-packages/rest_framework_simplejwt/tokens.py\", line 347, in for_user\n    token=str(token),\n          ~~~^^^^^^^\n  File \"/usr/local/lib/python3.13/site-packages/rest_framework_simplejwt/tokens.py\", line 106, in __str__\n    return self.get_token_backend().encode(self.payload)\n           ~~~~~~~~~~~~~~~~~~~~~~^^\n  File \"/usr/local/lib/python3.13/site-packages/rest_framework_simplejwt/tokens.py\", line 252, in get_token_backend\n    return self.token_backend\n           ^^^^^^^^^^^^^^^^^^\n  File \"/usr/local/lib/python3.13/site-packages/rest_framework_simplejwt/tokens.py\", line 245, in token_backend\n    self._token_backend = import_string(\n                          ~~~~~~~~~~~~~^\n        \"rest_framework_simplejwt.state.token_backend\"\n        ^^^^^^^^^^^^^^^^^^^^^^^^^^^^^^^^^^^^^^^^^^^^^^\n    )\n    ^\n  File \"/usr/local/lib/python3.13/site-packages/django/utils/module_loading.py\", line 30, in import_string\n    return cached_import(module_path, class_name)\n  File \"/usr/local/lib/python3.13/site-packages/django/utils/module_loading.py\", line 15, in cached_import\n    module = import_module(module_path)\n  File \"/usr/local/lib/python3.13/importlib/__init__.py\", line 88, in import_module\n    return _bootstrap._gcd_import(name[level:], package, level)\n           ~~~~~~~~~~~~~~~~~~~~~~^^^^^^^^^^^^^^^^^^^^^^^^^^^^^^\n  File \"<frozen importlib._bootstrap>\", line 1387, in _gcd_import\n  File \"<frozen importlib._bootstrap>\", line 1360, in _find_and_load\n  File \"<frozen importlib._bootstrap>\", line 1331, in _find_and_load_unlocked\n  File \"<frozen importlib._bootstrap>\", line 935, in _load_unlocked\n  File \"<frozen importlib._bootstrap_external>\", line 1026, in exec_module\n  File \"<frozen importlib._bootstrap>\", line 488, in _call_with_frames_removed\n  File \"/usr/local/lib/python3.13/site-packages/rest_framework_simplejwt/state.py\", line 4, in <module>\n    token_backend = TokenBackend(\n        api_settings.ALGORITHM,\n    ...<6 lines>...\n        api_settings.JSON_ENCODER,\n    )\n  File \"/usr/local/lib/python3.13/site-packages/rest_framework_simplejwt/backends.py\", line 52, in __init__\n    self._validate_algorithm(algorithm)\n    ~~~~~~~~~~~~~~~~~~~~~~~~^^^^^^^^^^^\n  File \"/usr/local/lib/python3.13/site-packages/rest_framework_simplejwt/backends.py\", line 94, in _validate_algorithm\n    raise TokenBackendError(\n    ...<3 lines>...\n    )\nrest_framework_simplejwt.exceptions.TokenBackendError: You must have cryptography installed to use RS256."}
{"timestamp": "2025-12-01 20:17:06", "level": "ERROR", "logger": "django.request", "message": "Internal Server Error: /api/users/register", "module": "log", "filename": "log.py", "line": 241, "exception": "Traceback (most recent call last):\n  File \"/usr/local/lib/python3.13/site-packages/django/core/handlers/exception.py\", line 55, in inner\n    response = get_response(request)\n  File \"/usr/local/lib/python3.13/site-packages/django/core/handlers/base.py\", line 197, in _get_response\n    response = wrapped_callback(request, *callback_args, **callback_kwargs)\n  File \"/usr/local/lib/python3.13/site-packages/django/views/decorators/csrf.py\", line 56, in wrapper_view\n    return view_func(*args, **kwargs)\n  File \"/usr/local/lib/python3.13/site-packages/django/views/generic/base.py\", line 104, in view\n    return self.dispatch(request, *args, **kwargs)\n           ~~~~~~~~~~~~~^^^^^^^^^^^^^^^^^^^^^^^^^^\n  File \"/usr/local/lib/python3.13/site-packages/rest_framework/views.py\", line 515, in dispatch\n    response = self.handle_exception(exc)\n  File \"/usr/local/lib/python3.13/site-packages/rest_framework/views.py\", line 475, in handle_exception\n    self.raise_uncaught_exception(exc)\n    ~~~~~~~~~~~~~~~~~~~~~~~~~~~~~^^^^^\n  File \"/usr/local/lib/python3.13/site-packages/rest_framework/views.py\", line 486, in raise_uncaught_exception\n    raise exc\n  File \"/usr/local/lib/python3.13/site-packages/rest_framework/views.py\", line 512, in dispatch\n    response = handler(request, *args, **kwargs)\n  File \"/app/users/authViews.py\", line 24, in post\n    refresh = RefreshToken.for_user(user)\n  File \"/usr/local/lib/python3.13/site-packages/rest_framework_simplejwt/tokens.py\", line 347, in for_user\n    token=str(token),\n          ~~~^^^^^^^\n  File \"/usr/local/lib/python3.13/site-packages/rest_framework_simplejwt/tokens.py\", line 106, in __str__\n    return self.get_token_backend().encode(self.payload)\n           ~~~~~~~~~~~~~~~~~~~~~~^^\n  File \"/usr/local/lib/python3.13/site-packages/rest_framework_simplejwt/tokens.py\", line 252, in get_token_backend\n    return self.token_backend\n           ^^^^^^^^^^^^^^^^^^\n  File \"/usr/local/lib/python3.13/site-packages/rest_framework_simplejwt/tokens.py\", line 245, in token_backend\n    self._token_backend = import_string(\n                          ~~~~~~~~~~~~~^\n        \"rest_framework_simplejwt.state.token_backend\"\n        ^^^^^^^^^^^^^^^^^^^^^^^^^^^^^^^^^^^^^^^^^^^^^^\n    )\n    ^\n  File \"/usr/local/lib/python3.13/site-packages/django/utils/module_loading.py\", line 30, in import_string\n    return cached_import(module_path, class_name)\n  File \"/usr/local/lib/python3.13/site-packages/django/utils/module_loading.py\", line 15, in cached_import\n    module = import_module(module_path)\n  File \"/usr/local/lib/python3.13/importlib/__init__.py\", line 88, in import_module\n    return _bootstrap._gcd_import(name[level:], package, level)\n           ~~~~~~~~~~~~~~~~~~~~~~^^^^^^^^^^^^^^^^^^^^^^^^^^^^^^\n  File \"<frozen importlib._bootstrap>\", line 1387, in _gcd_import\n  File \"<frozen importlib._bootstrap>\", line 1360, in _find_and_load\n  File \"<frozen importlib._bootstrap>\", line 1331, in _find_and_load_unlocked\n  File \"<frozen importlib._bootstrap>\", line 935, in _load_unlocked\n  File \"<frozen importlib._bootstrap_external>\", line 1026, in exec_module\n  File \"<frozen importlib._bootstrap>\", line 488, in _call_with_frames_removed\n  File \"/usr/local/lib/python3.13/site-packages/rest_framework_simplejwt/state.py\", line 4, in <module>\n    token_backend = TokenBackend(\n        api_settings.ALGORITHM,\n    ...<6 lines>...\n        api_settings.JSON_ENCODER,\n    )\n  File \"/usr/local/lib/python3.13/site-packages/rest_framework_simplejwt/backends.py\", line 52, in __init__\n    self._validate_algorithm(algorithm)\n    ~~~~~~~~~~~~~~~~~~~~~~~~^^^^^^^^^^^\n  File \"/usr/local/lib/python3.13/site-packages/rest_framework_simplejwt/backends.py\", line 94, in _validate_algorithm\n    raise TokenBackendError(\n    ...<3 lines>...\n    )\nrest_framework_simplejwt.exceptions.TokenBackendError: You must have cryptography installed to use RS256."}
{"timestamp": "2025-12-01 20:17:06", "level": "ERROR", "logger": "django.server", "message": "\"POST /api/users/register HTTP/1.0\" 500 158840", "module": "basehttp", "filename": "basehttp.py", "line": 212}
{"timestamp": "2025-12-01 20:17:06", "level": "ERROR", "logger": "django.server", "message": "\"POST /api/users/register HTTP/1.0\" 500 158840", "module": "basehttp", "filename": "basehttp.py", "line": 212}
{"timestamp": "2025-12-01 20:18:13", "level": "INFO", "logger": "django.utils.autoreload", "message": "/app/users/models.py changed, reloading.", "module": "autoreload", "filename": "autoreload.py", "line": 266}
{"timestamp": "2025-12-01 20:18:13", "level": "INFO", "logger": "django.utils.autoreload", "message": "/app/users/models.py changed, reloading.", "module": "autoreload", "filename": "autoreload.py", "line": 266}
{"timestamp": "2025-12-01 20:18:14", "level": "INFO", "logger": "django.utils.autoreload", "message": "Watching for file changes with StatReloader", "module": "autoreload", "filename": "autoreload.py", "line": 668}
{"timestamp": "2025-12-01 20:18:14", "level": "INFO", "logger": "django.utils.autoreload", "message": "Watching for file changes with StatReloader", "module": "autoreload", "filename": "autoreload.py", "line": 668}
{"timestamp": "2025-12-01 20:18:28", "level": "INFO", "logger": "users.authService", "message": "User registered succesfully: ander4@ander.com", "module": "authService", "filename": "authService.py", "line": 20}
{"timestamp": "2025-12-01 20:18:28", "level": "ERROR", "logger": "django.request", "message": "Internal Server Error: /api/users/register", "module": "log", "filename": "log.py", "line": 241, "exception": "Traceback (most recent call last):\n  File \"/usr/local/lib/python3.13/site-packages/django/core/handlers/exception.py\", line 55, in inner\n    response = get_response(request)\n  File \"/usr/local/lib/python3.13/site-packages/django/core/handlers/base.py\", line 197, in _get_response\n    response = wrapped_callback(request, *callback_args, **callback_kwargs)\n  File \"/usr/local/lib/python3.13/site-packages/django/views/decorators/csrf.py\", line 56, in wrapper_view\n    return view_func(*args, **kwargs)\n  File \"/usr/local/lib/python3.13/site-packages/django/views/generic/base.py\", line 104, in view\n    return self.dispatch(request, *args, **kwargs)\n           ~~~~~~~~~~~~~^^^^^^^^^^^^^^^^^^^^^^^^^^\n  File \"/usr/local/lib/python3.13/site-packages/rest_framework/views.py\", line 515, in dispatch\n    response = self.handle_exception(exc)\n  File \"/usr/local/lib/python3.13/site-packages/rest_framework/views.py\", line 475, in handle_exception\n    self.raise_uncaught_exception(exc)\n    ~~~~~~~~~~~~~~~~~~~~~~~~~~~~~^^^^^\n  File \"/usr/local/lib/python3.13/site-packages/rest_framework/views.py\", line 486, in raise_uncaught_exception\n    raise exc\n  File \"/usr/local/lib/python3.13/site-packages/rest_framework/views.py\", line 512, in dispatch\n    response = handler(request, *args, **kwargs)\n  File \"/app/users/authViews.py\", line 24, in post\n    refresh = RefreshToken.for_user(user)\n  File \"/usr/local/lib/python3.13/site-packages/rest_framework_simplejwt/tokens.py\", line 347, in for_user\n    token=str(token),\n          ~~~^^^^^^^\n  File \"/usr/local/lib/python3.13/site-packages/rest_framework_simplejwt/tokens.py\", line 106, in __str__\n    return self.get_token_backend().encode(self.payload)\n           ~~~~~~~~~~~~~~~~~~~~~~^^\n  File \"/usr/local/lib/python3.13/site-packages/rest_framework_simplejwt/tokens.py\", line 252, in get_token_backend\n    return self.token_backend\n           ^^^^^^^^^^^^^^^^^^\n  File \"/usr/local/lib/python3.13/site-packages/rest_framework_simplejwt/tokens.py\", line 245, in token_backend\n    self._token_backend = import_string(\n                          ~~~~~~~~~~~~~^\n        \"rest_framework_simplejwt.state.token_backend\"\n        ^^^^^^^^^^^^^^^^^^^^^^^^^^^^^^^^^^^^^^^^^^^^^^\n    )\n    ^\n  File \"/usr/local/lib/python3.13/site-packages/django/utils/module_loading.py\", line 30, in import_string\n    return cached_import(module_path, class_name)\n  File \"/usr/local/lib/python3.13/site-packages/django/utils/module_loading.py\", line 15, in cached_import\n    module = import_module(module_path)\n  File \"/usr/local/lib/python3.13/importlib/__init__.py\", line 88, in import_module\n    return _bootstrap._gcd_import(name[level:], package, level)\n           ~~~~~~~~~~~~~~~~~~~~~~^^^^^^^^^^^^^^^^^^^^^^^^^^^^^^\n  File \"<frozen importlib._bootstrap>\", line 1387, in _gcd_import\n  File \"<frozen importlib._bootstrap>\", line 1360, in _find_and_load\n  File \"<frozen importlib._bootstrap>\", line 1331, in _find_and_load_unlocked\n  File \"<frozen importlib._bootstrap>\", line 935, in _load_unlocked\n  File \"<frozen importlib._bootstrap_external>\", line 1026, in exec_module\n  File \"<frozen importlib._bootstrap>\", line 488, in _call_with_frames_removed\n  File \"/usr/local/lib/python3.13/site-packages/rest_framework_simplejwt/state.py\", line 4, in <module>\n    token_backend = TokenBackend(\n        api_settings.ALGORITHM,\n    ...<6 lines>...\n        api_settings.JSON_ENCODER,\n    )\n  File \"/usr/local/lib/python3.13/site-packages/rest_framework_simplejwt/backends.py\", line 52, in __init__\n    self._validate_algorithm(algorithm)\n    ~~~~~~~~~~~~~~~~~~~~~~~~^^^^^^^^^^^\n  File \"/usr/local/lib/python3.13/site-packages/rest_framework_simplejwt/backends.py\", line 94, in _validate_algorithm\n    raise TokenBackendError(\n    ...<3 lines>...\n    )\nrest_framework_simplejwt.exceptions.TokenBackendError: You must have cryptography installed to use RS256."}
{"timestamp": "2025-12-01 20:18:28", "level": "ERROR", "logger": "django.request", "message": "Internal Server Error: /api/users/register", "module": "log", "filename": "log.py", "line": 241, "exception": "Traceback (most recent call last):\n  File \"/usr/local/lib/python3.13/site-packages/django/core/handlers/exception.py\", line 55, in inner\n    response = get_response(request)\n  File \"/usr/local/lib/python3.13/site-packages/django/core/handlers/base.py\", line 197, in _get_response\n    response = wrapped_callback(request, *callback_args, **callback_kwargs)\n  File \"/usr/local/lib/python3.13/site-packages/django/views/decorators/csrf.py\", line 56, in wrapper_view\n    return view_func(*args, **kwargs)\n  File \"/usr/local/lib/python3.13/site-packages/django/views/generic/base.py\", line 104, in view\n    return self.dispatch(request, *args, **kwargs)\n           ~~~~~~~~~~~~~^^^^^^^^^^^^^^^^^^^^^^^^^^\n  File \"/usr/local/lib/python3.13/site-packages/rest_framework/views.py\", line 515, in dispatch\n    response = self.handle_exception(exc)\n  File \"/usr/local/lib/python3.13/site-packages/rest_framework/views.py\", line 475, in handle_exception\n    self.raise_uncaught_exception(exc)\n    ~~~~~~~~~~~~~~~~~~~~~~~~~~~~~^^^^^\n  File \"/usr/local/lib/python3.13/site-packages/rest_framework/views.py\", line 486, in raise_uncaught_exception\n    raise exc\n  File \"/usr/local/lib/python3.13/site-packages/rest_framework/views.py\", line 512, in dispatch\n    response = handler(request, *args, **kwargs)\n  File \"/app/users/authViews.py\", line 24, in post\n    refresh = RefreshToken.for_user(user)\n  File \"/usr/local/lib/python3.13/site-packages/rest_framework_simplejwt/tokens.py\", line 347, in for_user\n    token=str(token),\n          ~~~^^^^^^^\n  File \"/usr/local/lib/python3.13/site-packages/rest_framework_simplejwt/tokens.py\", line 106, in __str__\n    return self.get_token_backend().encode(self.payload)\n           ~~~~~~~~~~~~~~~~~~~~~~^^\n  File \"/usr/local/lib/python3.13/site-packages/rest_framework_simplejwt/tokens.py\", line 252, in get_token_backend\n    return self.token_backend\n           ^^^^^^^^^^^^^^^^^^\n  File \"/usr/local/lib/python3.13/site-packages/rest_framework_simplejwt/tokens.py\", line 245, in token_backend\n    self._token_backend = import_string(\n                          ~~~~~~~~~~~~~^\n        \"rest_framework_simplejwt.state.token_backend\"\n        ^^^^^^^^^^^^^^^^^^^^^^^^^^^^^^^^^^^^^^^^^^^^^^\n    )\n    ^\n  File \"/usr/local/lib/python3.13/site-packages/django/utils/module_loading.py\", line 30, in import_string\n    return cached_import(module_path, class_name)\n  File \"/usr/local/lib/python3.13/site-packages/django/utils/module_loading.py\", line 15, in cached_import\n    module = import_module(module_path)\n  File \"/usr/local/lib/python3.13/importlib/__init__.py\", line 88, in import_module\n    return _bootstrap._gcd_import(name[level:], package, level)\n           ~~~~~~~~~~~~~~~~~~~~~~^^^^^^^^^^^^^^^^^^^^^^^^^^^^^^\n  File \"<frozen importlib._bootstrap>\", line 1387, in _gcd_import\n  File \"<frozen importlib._bootstrap>\", line 1360, in _find_and_load\n  File \"<frozen importlib._bootstrap>\", line 1331, in _find_and_load_unlocked\n  File \"<frozen importlib._bootstrap>\", line 935, in _load_unlocked\n  File \"<frozen importlib._bootstrap_external>\", line 1026, in exec_module\n  File \"<frozen importlib._bootstrap>\", line 488, in _call_with_frames_removed\n  File \"/usr/local/lib/python3.13/site-packages/rest_framework_simplejwt/state.py\", line 4, in <module>\n    token_backend = TokenBackend(\n        api_settings.ALGORITHM,\n    ...<6 lines>...\n        api_settings.JSON_ENCODER,\n    )\n  File \"/usr/local/lib/python3.13/site-packages/rest_framework_simplejwt/backends.py\", line 52, in __init__\n    self._validate_algorithm(algorithm)\n    ~~~~~~~~~~~~~~~~~~~~~~~~^^^^^^^^^^^\n  File \"/usr/local/lib/python3.13/site-packages/rest_framework_simplejwt/backends.py\", line 94, in _validate_algorithm\n    raise TokenBackendError(\n    ...<3 lines>...\n    )\nrest_framework_simplejwt.exceptions.TokenBackendError: You must have cryptography installed to use RS256."}
{"timestamp": "2025-12-01 20:18:28", "level": "ERROR", "logger": "django.server", "message": "\"POST /api/users/register HTTP/1.0\" 500 158840", "module": "basehttp", "filename": "basehttp.py", "line": 212}
{"timestamp": "2025-12-01 20:18:28", "level": "ERROR", "logger": "django.server", "message": "\"POST /api/users/register HTTP/1.0\" 500 158840", "module": "basehttp", "filename": "basehttp.py", "line": 212}
{"timestamp": "2025-12-01 20:18:55", "level": "INFO", "logger": "users.authService", "message": "User registered succesfully: ander5@ander.com", "module": "authService", "filename": "authService.py", "line": 20}
{"timestamp": "2025-12-01 20:18:55", "level": "ERROR", "logger": "django.request", "message": "Internal Server Error: /api/users/register", "module": "log", "filename": "log.py", "line": 241, "exception": "Traceback (most recent call last):\n  File \"/usr/local/lib/python3.13/site-packages/django/core/handlers/exception.py\", line 55, in inner\n    response = get_response(request)\n  File \"/usr/local/lib/python3.13/site-packages/django/core/handlers/base.py\", line 197, in _get_response\n    response = wrapped_callback(request, *callback_args, **callback_kwargs)\n  File \"/usr/local/lib/python3.13/site-packages/django/views/decorators/csrf.py\", line 56, in wrapper_view\n    return view_func(*args, **kwargs)\n  File \"/usr/local/lib/python3.13/site-packages/django/views/generic/base.py\", line 104, in view\n    return self.dispatch(request, *args, **kwargs)\n           ~~~~~~~~~~~~~^^^^^^^^^^^^^^^^^^^^^^^^^^\n  File \"/usr/local/lib/python3.13/site-packages/rest_framework/views.py\", line 515, in dispatch\n    response = self.handle_exception(exc)\n  File \"/usr/local/lib/python3.13/site-packages/rest_framework/views.py\", line 475, in handle_exception\n    self.raise_uncaught_exception(exc)\n    ~~~~~~~~~~~~~~~~~~~~~~~~~~~~~^^^^^\n  File \"/usr/local/lib/python3.13/site-packages/rest_framework/views.py\", line 486, in raise_uncaught_exception\n    raise exc\n  File \"/usr/local/lib/python3.13/site-packages/rest_framework/views.py\", line 512, in dispatch\n    response = handler(request, *args, **kwargs)\n  File \"/app/users/authViews.py\", line 24, in post\n    refresh = RefreshToken.for_user(user)\n  File \"/usr/local/lib/python3.13/site-packages/rest_framework_simplejwt/tokens.py\", line 347, in for_user\n    token=str(token),\n          ~~~^^^^^^^\n  File \"/usr/local/lib/python3.13/site-packages/rest_framework_simplejwt/tokens.py\", line 106, in __str__\n    return self.get_token_backend().encode(self.payload)\n           ~~~~~~~~~~~~~~~~~~~~~~^^\n  File \"/usr/local/lib/python3.13/site-packages/rest_framework_simplejwt/tokens.py\", line 252, in get_token_backend\n    return self.token_backend\n           ^^^^^^^^^^^^^^^^^^\n  File \"/usr/local/lib/python3.13/site-packages/rest_framework_simplejwt/tokens.py\", line 245, in token_backend\n    self._token_backend = import_string(\n                          ~~~~~~~~~~~~~^\n        \"rest_framework_simplejwt.state.token_backend\"\n        ^^^^^^^^^^^^^^^^^^^^^^^^^^^^^^^^^^^^^^^^^^^^^^\n    )\n    ^\n  File \"/usr/local/lib/python3.13/site-packages/django/utils/module_loading.py\", line 30, in import_string\n    return cached_import(module_path, class_name)\n  File \"/usr/local/lib/python3.13/site-packages/django/utils/module_loading.py\", line 15, in cached_import\n    module = import_module(module_path)\n  File \"/usr/local/lib/python3.13/importlib/__init__.py\", line 88, in import_module\n    return _bootstrap._gcd_import(name[level:], package, level)\n           ~~~~~~~~~~~~~~~~~~~~~~^^^^^^^^^^^^^^^^^^^^^^^^^^^^^^\n  File \"<frozen importlib._bootstrap>\", line 1387, in _gcd_import\n  File \"<frozen importlib._bootstrap>\", line 1360, in _find_and_load\n  File \"<frozen importlib._bootstrap>\", line 1331, in _find_and_load_unlocked\n  File \"<frozen importlib._bootstrap>\", line 935, in _load_unlocked\n  File \"<frozen importlib._bootstrap_external>\", line 1026, in exec_module\n  File \"<frozen importlib._bootstrap>\", line 488, in _call_with_frames_removed\n  File \"/usr/local/lib/python3.13/site-packages/rest_framework_simplejwt/state.py\", line 4, in <module>\n    token_backend = TokenBackend(\n        api_settings.ALGORITHM,\n    ...<6 lines>...\n        api_settings.JSON_ENCODER,\n    )\n  File \"/usr/local/lib/python3.13/site-packages/rest_framework_simplejwt/backends.py\", line 52, in __init__\n    self._validate_algorithm(algorithm)\n    ~~~~~~~~~~~~~~~~~~~~~~~~^^^^^^^^^^^\n  File \"/usr/local/lib/python3.13/site-packages/rest_framework_simplejwt/backends.py\", line 94, in _validate_algorithm\n    raise TokenBackendError(\n    ...<3 lines>...\n    )\nrest_framework_simplejwt.exceptions.TokenBackendError: You must have cryptography installed to use RS256."}
{"timestamp": "2025-12-01 20:18:55", "level": "ERROR", "logger": "django.request", "message": "Internal Server Error: /api/users/register", "module": "log", "filename": "log.py", "line": 241, "exception": "Traceback (most recent call last):\n  File \"/usr/local/lib/python3.13/site-packages/django/core/handlers/exception.py\", line 55, in inner\n    response = get_response(request)\n  File \"/usr/local/lib/python3.13/site-packages/django/core/handlers/base.py\", line 197, in _get_response\n    response = wrapped_callback(request, *callback_args, **callback_kwargs)\n  File \"/usr/local/lib/python3.13/site-packages/django/views/decorators/csrf.py\", line 56, in wrapper_view\n    return view_func(*args, **kwargs)\n  File \"/usr/local/lib/python3.13/site-packages/django/views/generic/base.py\", line 104, in view\n    return self.dispatch(request, *args, **kwargs)\n           ~~~~~~~~~~~~~^^^^^^^^^^^^^^^^^^^^^^^^^^\n  File \"/usr/local/lib/python3.13/site-packages/rest_framework/views.py\", line 515, in dispatch\n    response = self.handle_exception(exc)\n  File \"/usr/local/lib/python3.13/site-packages/rest_framework/views.py\", line 475, in handle_exception\n    self.raise_uncaught_exception(exc)\n    ~~~~~~~~~~~~~~~~~~~~~~~~~~~~~^^^^^\n  File \"/usr/local/lib/python3.13/site-packages/rest_framework/views.py\", line 486, in raise_uncaught_exception\n    raise exc\n  File \"/usr/local/lib/python3.13/site-packages/rest_framework/views.py\", line 512, in dispatch\n    response = handler(request, *args, **kwargs)\n  File \"/app/users/authViews.py\", line 24, in post\n    refresh = RefreshToken.for_user(user)\n  File \"/usr/local/lib/python3.13/site-packages/rest_framework_simplejwt/tokens.py\", line 347, in for_user\n    token=str(token),\n          ~~~^^^^^^^\n  File \"/usr/local/lib/python3.13/site-packages/rest_framework_simplejwt/tokens.py\", line 106, in __str__\n    return self.get_token_backend().encode(self.payload)\n           ~~~~~~~~~~~~~~~~~~~~~~^^\n  File \"/usr/local/lib/python3.13/site-packages/rest_framework_simplejwt/tokens.py\", line 252, in get_token_backend\n    return self.token_backend\n           ^^^^^^^^^^^^^^^^^^\n  File \"/usr/local/lib/python3.13/site-packages/rest_framework_simplejwt/tokens.py\", line 245, in token_backend\n    self._token_backend = import_string(\n                          ~~~~~~~~~~~~~^\n        \"rest_framework_simplejwt.state.token_backend\"\n        ^^^^^^^^^^^^^^^^^^^^^^^^^^^^^^^^^^^^^^^^^^^^^^\n    )\n    ^\n  File \"/usr/local/lib/python3.13/site-packages/django/utils/module_loading.py\", line 30, in import_string\n    return cached_import(module_path, class_name)\n  File \"/usr/local/lib/python3.13/site-packages/django/utils/module_loading.py\", line 15, in cached_import\n    module = import_module(module_path)\n  File \"/usr/local/lib/python3.13/importlib/__init__.py\", line 88, in import_module\n    return _bootstrap._gcd_import(name[level:], package, level)\n           ~~~~~~~~~~~~~~~~~~~~~~^^^^^^^^^^^^^^^^^^^^^^^^^^^^^^\n  File \"<frozen importlib._bootstrap>\", line 1387, in _gcd_import\n  File \"<frozen importlib._bootstrap>\", line 1360, in _find_and_load\n  File \"<frozen importlib._bootstrap>\", line 1331, in _find_and_load_unlocked\n  File \"<frozen importlib._bootstrap>\", line 935, in _load_unlocked\n  File \"<frozen importlib._bootstrap_external>\", line 1026, in exec_module\n  File \"<frozen importlib._bootstrap>\", line 488, in _call_with_frames_removed\n  File \"/usr/local/lib/python3.13/site-packages/rest_framework_simplejwt/state.py\", line 4, in <module>\n    token_backend = TokenBackend(\n        api_settings.ALGORITHM,\n    ...<6 lines>...\n        api_settings.JSON_ENCODER,\n    )\n  File \"/usr/local/lib/python3.13/site-packages/rest_framework_simplejwt/backends.py\", line 52, in __init__\n    self._validate_algorithm(algorithm)\n    ~~~~~~~~~~~~~~~~~~~~~~~~^^^^^^^^^^^\n  File \"/usr/local/lib/python3.13/site-packages/rest_framework_simplejwt/backends.py\", line 94, in _validate_algorithm\n    raise TokenBackendError(\n    ...<3 lines>...\n    )\nrest_framework_simplejwt.exceptions.TokenBackendError: You must have cryptography installed to use RS256."}
{"timestamp": "2025-12-01 20:18:55", "level": "ERROR", "logger": "django.server", "message": "\"POST /api/users/register HTTP/1.0\" 500 158840", "module": "basehttp", "filename": "basehttp.py", "line": 212}
{"timestamp": "2025-12-01 20:18:55", "level": "ERROR", "logger": "django.server", "message": "\"POST /api/users/register HTTP/1.0\" 500 158840", "module": "basehttp", "filename": "basehttp.py", "line": 212}
{"timestamp": "2025-12-01 20:38:56", "level": "INFO", "logger": "django.utils.autoreload", "message": "/app/config/urls.py changed, reloading.", "module": "autoreload", "filename": "autoreload.py", "line": 266}
{"timestamp": "2025-12-01 20:38:56", "level": "INFO", "logger": "django.utils.autoreload", "message": "/app/config/urls.py changed, reloading.", "module": "autoreload", "filename": "autoreload.py", "line": 266}
{"timestamp": "2025-12-01 20:38:57", "level": "INFO", "logger": "django.utils.autoreload", "message": "Watching for file changes with StatReloader", "module": "autoreload", "filename": "autoreload.py", "line": 668}
{"timestamp": "2025-12-01 20:38:57", "level": "INFO", "logger": "django.utils.autoreload", "message": "Watching for file changes with StatReloader", "module": "autoreload", "filename": "autoreload.py", "line": 668}
{"timestamp": "2025-12-01 20:39:13", "level": "INFO", "logger": "django.utils.autoreload", "message": "/app/config/settings.py changed, reloading.", "module": "autoreload", "filename": "autoreload.py", "line": 266}
{"timestamp": "2025-12-01 20:39:13", "level": "INFO", "logger": "django.utils.autoreload", "message": "/app/config/settings.py changed, reloading.", "module": "autoreload", "filename": "autoreload.py", "line": 266}
{"timestamp": "2025-12-01 20:39:14", "level": "INFO", "logger": "django.utils.autoreload", "message": "Watching for file changes with StatReloader", "module": "autoreload", "filename": "autoreload.py", "line": 668}
{"timestamp": "2025-12-01 20:39:14", "level": "INFO", "logger": "django.utils.autoreload", "message": "Watching for file changes with StatReloader", "module": "autoreload", "filename": "autoreload.py", "line": 668}
{"timestamp": "2025-12-01 20:39:22", "level": "INFO", "logger": "django.utils.autoreload", "message": "/app/config/settings.py changed, reloading.", "module": "autoreload", "filename": "autoreload.py", "line": 266}
{"timestamp": "2025-12-01 20:39:22", "level": "INFO", "logger": "django.utils.autoreload", "message": "/app/config/settings.py changed, reloading.", "module": "autoreload", "filename": "autoreload.py", "line": 266}
{"timestamp": "2025-12-01 20:39:22", "level": "INFO", "logger": "django.utils.autoreload", "message": "Watching for file changes with StatReloader", "module": "autoreload", "filename": "autoreload.py", "line": 668}
{"timestamp": "2025-12-01 20:39:22", "level": "INFO", "logger": "django.utils.autoreload", "message": "Watching for file changes with StatReloader", "module": "autoreload", "filename": "autoreload.py", "line": 668}
{"timestamp": "2025-12-01 20:40:45", "level": "INFO", "logger": "django.utils.autoreload", "message": "/app/config/settings.py changed, reloading.", "module": "autoreload", "filename": "autoreload.py", "line": 266}
{"timestamp": "2025-12-01 20:40:45", "level": "INFO", "logger": "django.utils.autoreload", "message": "/app/config/settings.py changed, reloading.", "module": "autoreload", "filename": "autoreload.py", "line": 266}
{"timestamp": "2025-12-01 20:40:46", "level": "INFO", "logger": "django.utils.autoreload", "message": "Watching for file changes with StatReloader", "module": "autoreload", "filename": "autoreload.py", "line": 668}
{"timestamp": "2025-12-01 20:40:46", "level": "INFO", "logger": "django.utils.autoreload", "message": "Watching for file changes with StatReloader", "module": "autoreload", "filename": "autoreload.py", "line": 668}
{"timestamp": "2025-12-01 20:41:37", "level": "INFO", "logger": "django.utils.autoreload", "message": "Watching for file changes with StatReloader", "module": "autoreload", "filename": "autoreload.py", "line": 668}
{"timestamp": "2025-12-01 20:41:37", "level": "INFO", "logger": "django.utils.autoreload", "message": "Watching for file changes with StatReloader", "module": "autoreload", "filename": "autoreload.py", "line": 668}
{"timestamp": "2025-12-01 20:46:28", "level": "INFO", "logger": "django.utils.autoreload", "message": "Watching for file changes with StatReloader", "module": "autoreload", "filename": "autoreload.py", "line": 668}
{"timestamp": "2025-12-01 20:46:28", "level": "INFO", "logger": "django.utils.autoreload", "message": "Watching for file changes with StatReloader", "module": "autoreload", "filename": "autoreload.py", "line": 668}
{"timestamp": "2025-12-01 20:46:52", "level": "INFO", "logger": "django.utils.autoreload", "message": "/app/users/application/use_cases/register_user.py changed, reloading.", "module": "autoreload", "filename": "autoreload.py", "line": 266}
{"timestamp": "2025-12-01 20:46:52", "level": "INFO", "logger": "django.utils.autoreload", "message": "/app/users/application/use_cases/register_user.py changed, reloading.", "module": "autoreload", "filename": "autoreload.py", "line": 266}
{"timestamp": "2025-12-01 20:46:53", "level": "INFO", "logger": "django.utils.autoreload", "message": "Watching for file changes with StatReloader", "module": "autoreload", "filename": "autoreload.py", "line": 668}
{"timestamp": "2025-12-01 20:46:53", "level": "INFO", "logger": "django.utils.autoreload", "message": "Watching for file changes with StatReloader", "module": "autoreload", "filename": "autoreload.py", "line": 668}
{"timestamp": "2025-12-01 20:47:06", "level": "INFO", "logger": "django.utils.autoreload", "message": "/app/users/application/use_cases/logout_user.py changed, reloading.", "module": "autoreload", "filename": "autoreload.py", "line": 266}
{"timestamp": "2025-12-01 20:47:06", "level": "INFO", "logger": "django.utils.autoreload", "message": "/app/users/application/use_cases/logout_user.py changed, reloading.", "module": "autoreload", "filename": "autoreload.py", "line": 266}
{"timestamp": "2025-12-01 20:47:06", "level": "INFO", "logger": "django.utils.autoreload", "message": "Watching for file changes with StatReloader", "module": "autoreload", "filename": "autoreload.py", "line": 668}
{"timestamp": "2025-12-01 20:47:06", "level": "INFO", "logger": "django.utils.autoreload", "message": "Watching for file changes with StatReloader", "module": "autoreload", "filename": "autoreload.py", "line": 668}
{"timestamp": "2025-12-01 20:47:43", "level": "INFO", "logger": "django.utils.autoreload", "message": "/app/users/application/use_cases/get_user_profile.py changed, reloading.", "module": "autoreload", "filename": "autoreload.py", "line": 266}
{"timestamp": "2025-12-01 20:47:43", "level": "INFO", "logger": "django.utils.autoreload", "message": "/app/users/application/use_cases/get_user_profile.py changed, reloading.", "module": "autoreload", "filename": "autoreload.py", "line": 266}
{"timestamp": "2025-12-01 20:47:44", "level": "INFO", "logger": "django.utils.autoreload", "message": "Watching for file changes with StatReloader", "module": "autoreload", "filename": "autoreload.py", "line": 668}
{"timestamp": "2025-12-01 20:47:44", "level": "INFO", "logger": "django.utils.autoreload", "message": "Watching for file changes with StatReloader", "module": "autoreload", "filename": "autoreload.py", "line": 668}
{"timestamp": "2025-12-01 20:47:53", "level": "INFO", "logger": "django.utils.autoreload", "message": "/app/users/application/use_cases/logout_user.py changed, reloading.", "module": "autoreload", "filename": "autoreload.py", "line": 266}
{"timestamp": "2025-12-01 20:47:53", "level": "INFO", "logger": "django.utils.autoreload", "message": "/app/users/application/use_cases/logout_user.py changed, reloading.", "module": "autoreload", "filename": "autoreload.py", "line": 266}
{"timestamp": "2025-12-01 20:47:53", "level": "INFO", "logger": "django.utils.autoreload", "message": "Watching for file changes with StatReloader", "module": "autoreload", "filename": "autoreload.py", "line": 668}
{"timestamp": "2025-12-01 20:47:53", "level": "INFO", "logger": "django.utils.autoreload", "message": "Watching for file changes with StatReloader", "module": "autoreload", "filename": "autoreload.py", "line": 668}
{"timestamp": "2025-12-01 20:48:07", "level": "INFO", "logger": "django.utils.autoreload", "message": "/app/users/application/use_cases/register_user.py changed, reloading.", "module": "autoreload", "filename": "autoreload.py", "line": 266}
{"timestamp": "2025-12-01 20:48:07", "level": "INFO", "logger": "django.utils.autoreload", "message": "/app/users/application/use_cases/register_user.py changed, reloading.", "module": "autoreload", "filename": "autoreload.py", "line": 266}
{"timestamp": "2025-12-01 20:48:07", "level": "INFO", "logger": "django.utils.autoreload", "message": "Watching for file changes with StatReloader", "module": "autoreload", "filename": "autoreload.py", "line": 668}
{"timestamp": "2025-12-01 20:48:07", "level": "INFO", "logger": "django.utils.autoreload", "message": "Watching for file changes with StatReloader", "module": "autoreload", "filename": "autoreload.py", "line": 668}
{"timestamp": "2025-12-01 20:48:58", "level": "INFO", "logger": "django.utils.autoreload", "message": "Watching for file changes with StatReloader", "module": "autoreload", "filename": "autoreload.py", "line": 668}
{"timestamp": "2025-12-01 20:48:58", "level": "INFO", "logger": "django.utils.autoreload", "message": "Watching for file changes with StatReloader", "module": "autoreload", "filename": "autoreload.py", "line": 668}
